[+] Containers:
 |- [+] Container: /Game/ThirdPerson/Maps/ThirdPersonMap1
 |   |- [+] ActorDescs:
 |   |   |- Guid:29BEB0334F2577B57F1F4FA49250F86E BaseClass: NativeClass:/Script/Engine.TextRenderActor Name:TextRenderActor_1 Label:TextRenderActor SpatiallyLoaded:1 Bounds:IsValid=true, Min=(X=-0.100 Y=1100.000 Z=65.013), Max=(X=-0.100 Y=2392.308 Z=215.013) RuntimeGrid:None EditorOnly:0 RuntimeOnly:0 HLODRelevant:0 ListedInSceneOutliner:1 IsMainWorldOnly:0
 |   |   |- Guid:3B683B32412DE447CF41F2802151F470 BaseClass: NativeClass:/Script/Engine.StaticMeshActor Name:StaticMeshActor_5 Label:SM_Cube2 SpatiallyLoaded:1 Bounds:IsValid=true, Min=(X=0.000 Y=0.000 Z=0.000), Max=(X=3000.000 Y=100.000 Z=400.000) RuntimeGrid:None EditorOnly:0 RuntimeOnly:0 HLODRelevant:1 ListedInSceneOutliner:1 IsMainWorldOnly:0 FolderPath:Playground FolderGuid:C73F09FC4215536B1DCE2A9E0A830C70
 |   |   |- Guid:5BC015A948711017373311BC02151A50 BaseClass: NativeClass:/Script/Engine.SkyLight Name:SkyLight_1 Label:SkyLight SpatiallyLoaded:0 Bounds:IsValid=true, Min=(X=0.000 Y=0.000 Z=690.000), Max=(X=0.000 Y=0.000 Z=690.000) RuntimeGrid:None EditorOnly:0 RuntimeOnly:0 HLODRelevant:0 ListedInSceneOutliner:1 IsMainWorldOnly:0 FolderPath:Lighting FolderGuid:963EC3EB4002CCE9759E2EBA541A873A
 |   |   |- Guid:70829BE84E6DC6255B9100872551BAE2 BaseClass: NativeClass:/Script/Engine.StaticMeshActor Name:StaticMeshActor_UAID_A4AE111137DC5EFB00_1110535423 Label:SM_SkySphere SpatiallyLoaded:0 Bounds:IsValid=true, Min=(X=-1638400.000 Y=-1638400.000 Z=-1638400.000), Max=(X=1638400.000 Y=1638400.000 Z=1638400.000) RuntimeGrid:None EditorOnly:0 RuntimeOnly:0 HLODRelevant:1 ListedInSceneOutliner:1 IsMainWorldOnly:0 FolderPath:Lighting FolderGuid:963EC3EB4002CCE9759E2EBA541A873A
 |   |   |- Guid:73DB6CA745A8DCE3606130B5EA70015E BaseClass: NativeClass:/Script/Niagara.NiagaraActor Name:NiagaraActor_UAID_D843AE06D09DCBFC01_1193994047 Label:NS_Smoke SpatiallyLoaded:1 Bounds:IsValid=true, Min=(X=-405.384 Y=784.741 Z=-1341.438), Max=(X=2859.180 Y=3589.277 Z=1852.656) RuntimeGrid:None EditorOnly:0 RuntimeOnly:0 HLODRelevant:0 ListedInSceneOutliner:1 IsMainWorldOnly:0
 |   |   |- Guid:7B6316674765364D0E98BF8687281969 BaseClass: NativeClass:/Script/Engine.StaticMeshActor Name:StaticMeshActor_3 Label:SM_Ramp SpatiallyLoaded:1 Bounds:IsValid=true, Min=(X=1300.000 Y=600.000 Z=0.000), Max=(X=1700.000 Y=800.000 Z=30.000) RuntimeGrid:None EditorOnly:0 RuntimeOnly:0 HLODRelevant:1 ListedInSceneOutliner:1 IsMainWorldOnly:0
 |   |   |- Guid:818E2054448E8B3D3E7B00A5B555BF9A BaseClass: NativeClass:/Script/Engine.VolumetricCloud Name:VolumetricCloud_0 Label:VolumetricCloud SpatiallyLoaded:0 Bounds:IsValid=true, Min=(X=0.000 Y=0.000 Z=820.000), Max=(X=0.000 Y=0.000 Z=820.000) RuntimeGrid:None EditorOnly:0 RuntimeOnly:0 HLODRelevant:0 ListedInSceneOutliner:1 IsMainWorldOnly:0 FolderPath:Lighting FolderGuid:963EC3EB4002CCE9759E2EBA541A873A
 |   |   |- Guid:836D45EE4E9550B57BDAC18D0E11E72C BaseClass: NativeClass:/Script/Engine.PlayerStart Name:PlayerStart_UAID_D843AE06D09DCAFC01_1901213864 Label:PlayerStart SpatiallyLoaded:0 Bounds:IsValid=true, Min=(X=850.000 Y=1560.000 Z=398.000), Max=(X=930.000 Y=1640.000 Z=582.000) RuntimeGrid:None EditorOnly:0 RuntimeOnly:0 HLODRelevant:0 ListedInSceneOutliner:1 IsMainWorldOnly:0
 |   |   |- Guid:89ED209541A1E3ADE265DD94A51824FE BaseClass: NativeClass:/Script/Engine.ExponentialHeightFog Name:ExponentialHeightFog_0 Label:ExponentialHeightFog SpatiallyLoaded:0 Bounds:IsValid=true, Min=(X=-5600.000 Y=-50.000 Z=-6850.000), Max=(X=-5600.000 Y=-50.000 Z=-6850.000) RuntimeGrid:None EditorOnly:0 RuntimeOnly:0 HLODRelevant:0 ListedInSceneOutliner:1 IsMainWorldOnly:0 FolderPath:Lighting FolderGuid:963EC3EB4002CCE9759E2EBA541A873A
 |   |   |- Guid:ABBA984142C3146F5E2FF387816F0050 BaseClass: NativeClass:/Script/Engine.SkyAtmosphere Name:SkyAtmosphere_0 Label:SkyAtmosphere SpatiallyLoaded:0 Bounds:IsValid=true, Min=(X=0.000 Y=0.000 Z=1020.000), Max=(X=0.000 Y=0.000 Z=1020.000) RuntimeGrid:None EditorOnly:0 RuntimeOnly:0 HLODRelevant:0 ListedInSceneOutliner:1 IsMainWorldOnly:0 FolderPath:Lighting FolderGuid:963EC3EB4002CCE9759E2EBA541A873A
 |   |   |- Guid:B78A469F46791545759537AF1AFB506D BaseClass: NativeClass:/Script/Engine.WorldDataLayers Name:WorldDataLayers Label:WorldDataLayers SpatiallyLoaded:0 Bounds:Invalid RuntimeGrid:None EditorOnly:0 RuntimeOnly:0 HLODRelevant:0 ListedInSceneOutliner:1 IsMainWorldOnly:1
 |   |   |- Guid:BA93BA3944AA5EC5A60D349F77971589 BaseClass: NativeClass:/Script/Engine.DirectionalLight Name:DirectionalLight_0 Label:DirectionalLight SpatiallyLoaded:0 Bounds:IsValid=true, Min=(X=-4398046511104.000 Y=-4398046511104.000 Z=-4398046511104.000), Max=(X=4398046511104.000 Y=4398046511104.000 Z=4398046511104.000) RuntimeGrid:None EditorOnly:0 RuntimeOnly:0 HLODRelevant:0 ListedInSceneOutliner:1 IsMainWorldOnly:0 FolderPath:Lighting FolderGuid:963EC3EB4002CCE9759E2EBA541A873A
 |   |   |- Guid:C42306C24135ABF17921B2A869CE5B34 BaseClass:/Game/Sci_FI_Valley_Village/BP/House/BP_house.BP_house_C NativeClass:/Script/Engine.Actor Name:BP_house_C_UAID_D843AE06D09DCAFC01_1259027823 Label:BP_house SpatiallyLoaded:1 Bounds:IsValid=true, Min=(X=324.122 Y=363.613 Z=-88.407), Max=(X=1459.359 Y=1061.297 Z=385.407) RuntimeGrid:None EditorOnly:0 RuntimeOnly:0 HLODRelevant:0 ListedInSceneOutliner:1 IsMainWorldOnly:0
 |   |   |- Guid:D76FB34443C6A8D7F598419269C01852 BaseClass: NativeClass:/Script/Engine.StaticMeshActor Name:StaticMeshActor_1 Label:SM_Cube SpatiallyLoaded:1 Bounds:IsValid=true, Min=(X=0.000 Y=0.000 Z=-50.000), Max=(X=3000.000 Y=3500.000 Z=0.000) RuntimeGrid:None EditorOnly:0 RuntimeOnly:0 HLODRelevant:1 ListedInSceneOutliner:1 IsMainWorldOnly:0 FolderPath:Playground FolderGuid:C73F09FC4215536B1DCE2A9E0A830C70
 |   |   |- Guid:E69AE7ED43CC3BE584852FAED0345E19 BaseClass: NativeClass:/Script/Engine.PostProcessVolume Name:PostProcessVolume_0 Label:PostProcessVolume SpatiallyLoaded:0 Bounds:IsValid=true, Min=(X=0.000 Y=0.000 Z=400.000), Max=(X=200.000 Y=200.000 Z=600.000) RuntimeGrid:None EditorOnly:0 RuntimeOnly:0 HLODRelevant:0 ListedInSceneOutliner:1 IsMainWorldOnly:0 FolderPath:Lighting FolderGuid:963EC3EB4002CCE9759E2EBA541A873A
 |   |- [+] Clusters:
 |   |   |- [+] [  0]
 |   |   |   |- Guid:29BEB0334F2577B57F1F4FA49250F86E BaseClass: NativeClass:/Script/Engine.TextRenderActor Name:TextRenderActor_1 Label:TextRenderActor SpatiallyLoaded:1 Bounds:IsValid=true, Min=(X=-0.100 Y=1100.000 Z=65.013), Max=(X=-0.100 Y=2392.308 Z=215.013) RuntimeGrid:None EditorOnly:0 RuntimeOnly:0 HLODRelevant:0 ListedInSceneOutliner:1 IsMainWorldOnly:0
 |   |   |- [+] [  1]
 |   |   |   |- Guid:3B683B32412DE447CF41F2802151F470 BaseClass: NativeClass:/Script/Engine.StaticMeshActor Name:StaticMeshActor_5 Label:SM_Cube2 SpatiallyLoaded:1 Bounds:IsValid=true, Min=(X=0.000 Y=0.000 Z=0.000), Max=(X=3000.000 Y=100.000 Z=400.000) RuntimeGrid:None EditorOnly:0 RuntimeOnly:0 HLODRelevant:1 ListedInSceneOutliner:1 IsMainWorldOnly:0 FolderPath:Playground FolderGuid:C73F09FC4215536B1DCE2A9E0A830C70
 |   |   |- [+] [  2]
 |   |   |   |- Guid:5BC015A948711017373311BC02151A50 BaseClass: NativeClass:/Script/Engine.SkyLight Name:SkyLight_1 Label:SkyLight SpatiallyLoaded:0 Bounds:IsValid=true, Min=(X=0.000 Y=0.000 Z=690.000), Max=(X=0.000 Y=0.000 Z=690.000) RuntimeGrid:None EditorOnly:0 RuntimeOnly:0 HLODRelevant:0 ListedInSceneOutliner:1 IsMainWorldOnly:0 FolderPath:Lighting FolderGuid:963EC3EB4002CCE9759E2EBA541A873A
 |   |   |- [+] [  3]
 |   |   |   |- Guid:70829BE84E6DC6255B9100872551BAE2 BaseClass: NativeClass:/Script/Engine.StaticMeshActor Name:StaticMeshActor_UAID_A4AE111137DC5EFB00_1110535423 Label:SM_SkySphere SpatiallyLoaded:0 Bounds:IsValid=true, Min=(X=-1638400.000 Y=-1638400.000 Z=-1638400.000), Max=(X=1638400.000 Y=1638400.000 Z=1638400.000) RuntimeGrid:None EditorOnly:0 RuntimeOnly:0 HLODRelevant:1 ListedInSceneOutliner:1 IsMainWorldOnly:0 FolderPath:Lighting FolderGuid:963EC3EB4002CCE9759E2EBA541A873A
 |   |   |- [+] [  4]
 |   |   |   |- Guid:73DB6CA745A8DCE3606130B5EA70015E BaseClass: NativeClass:/Script/Niagara.NiagaraActor Name:NiagaraActor_UAID_D843AE06D09DCBFC01_1193994047 Label:NS_Smoke SpatiallyLoaded:1 Bounds:IsValid=true, Min=(X=-405.384 Y=784.741 Z=-1341.438), Max=(X=2859.180 Y=3589.277 Z=1852.656) RuntimeGrid:None EditorOnly:0 RuntimeOnly:0 HLODRelevant:0 ListedInSceneOutliner:1 IsMainWorldOnly:0
 |   |   |- [+] [  5]
 |   |   |   |- Guid:7B6316674765364D0E98BF8687281969 BaseClass: NativeClass:/Script/Engine.StaticMeshActor Name:StaticMeshActor_3 Label:SM_Ramp SpatiallyLoaded:1 Bounds:IsValid=true, Min=(X=1300.000 Y=600.000 Z=0.000), Max=(X=1700.000 Y=800.000 Z=30.000) RuntimeGrid:None EditorOnly:0 RuntimeOnly:0 HLODRelevant:1 ListedInSceneOutliner:1 IsMainWorldOnly:0
 |   |   |- [+] [  6]
 |   |   |   |- Guid:818E2054448E8B3D3E7B00A5B555BF9A BaseClass: NativeClass:/Script/Engine.VolumetricCloud Name:VolumetricCloud_0 Label:VolumetricCloud SpatiallyLoaded:0 Bounds:IsValid=true, Min=(X=0.000 Y=0.000 Z=820.000), Max=(X=0.000 Y=0.000 Z=820.000) RuntimeGrid:None EditorOnly:0 RuntimeOnly:0 HLODRelevant:0 ListedInSceneOutliner:1 IsMainWorldOnly:0 FolderPath:Lighting FolderGuid:963EC3EB4002CCE9759E2EBA541A873A
 |   |   |- [+] [  7]
 |   |   |   |- Guid:836D45EE4E9550B57BDAC18D0E11E72C BaseClass: NativeClass:/Script/Engine.PlayerStart Name:PlayerStart_UAID_D843AE06D09DCAFC01_1901213864 Label:PlayerStart SpatiallyLoaded:0 Bounds:IsValid=true, Min=(X=850.000 Y=1560.000 Z=398.000), Max=(X=930.000 Y=1640.000 Z=582.000) RuntimeGrid:None EditorOnly:0 RuntimeOnly:0 HLODRelevant:0 ListedInSceneOutliner:1 IsMainWorldOnly:0
 |   |   |- [+] [  8]
 |   |   |   |- Guid:89ED209541A1E3ADE265DD94A51824FE BaseClass: NativeClass:/Script/Engine.ExponentialHeightFog Name:ExponentialHeightFog_0 Label:ExponentialHeightFog SpatiallyLoaded:0 Bounds:IsValid=true, Min=(X=-5600.000 Y=-50.000 Z=-6850.000), Max=(X=-5600.000 Y=-50.000 Z=-6850.000) RuntimeGrid:None EditorOnly:0 RuntimeOnly:0 HLODRelevant:0 ListedInSceneOutliner:1 IsMainWorldOnly:0 FolderPath:Lighting FolderGuid:963EC3EB4002CCE9759E2EBA541A873A
 |   |   |- [+] [  9]
 |   |   |   |- Guid:ABBA984142C3146F5E2FF387816F0050 BaseClass: NativeClass:/Script/Engine.SkyAtmosphere Name:SkyAtmosphere_0 Label:SkyAtmosphere SpatiallyLoaded:0 Bounds:IsValid=true, Min=(X=0.000 Y=0.000 Z=1020.000), Max=(X=0.000 Y=0.000 Z=1020.000) RuntimeGrid:None EditorOnly:0 RuntimeOnly:0 HLODRelevant:0 ListedInSceneOutliner:1 IsMainWorldOnly:0 FolderPath:Lighting FolderGuid:963EC3EB4002CCE9759E2EBA541A873A
 |   |   |- [+] [ 10]
 |   |   |   |- Guid:B78A469F46791545759537AF1AFB506D BaseClass: NativeClass:/Script/Engine.WorldDataLayers Name:WorldDataLayers Label:WorldDataLayers SpatiallyLoaded:0 Bounds:Invalid RuntimeGrid:None EditorOnly:0 RuntimeOnly:0 HLODRelevant:0 ListedInSceneOutliner:1 IsMainWorldOnly:1
 |   |   |- [+] [ 11]
 |   |   |   |- Guid:BA93BA3944AA5EC5A60D349F77971589 BaseClass: NativeClass:/Script/Engine.DirectionalLight Name:DirectionalLight_0 Label:DirectionalLight SpatiallyLoaded:0 Bounds:IsValid=true, Min=(X=-4398046511104.000 Y=-4398046511104.000 Z=-4398046511104.000), Max=(X=4398046511104.000 Y=4398046511104.000 Z=4398046511104.000) RuntimeGrid:None EditorOnly:0 RuntimeOnly:0 HLODRelevant:0 ListedInSceneOutliner:1 IsMainWorldOnly:0 FolderPath:Lighting FolderGuid:963EC3EB4002CCE9759E2EBA541A873A
 |   |   |- [+] [ 12]
 |   |   |   |- Guid:C42306C24135ABF17921B2A869CE5B34 BaseClass:/Game/Sci_FI_Valley_Village/BP/House/BP_house.BP_house_C NativeClass:/Script/Engine.Actor Name:BP_house_C_UAID_D843AE06D09DCAFC01_1259027823 Label:BP_house SpatiallyLoaded:1 Bounds:IsValid=true, Min=(X=324.122 Y=363.613 Z=-88.407), Max=(X=1459.359 Y=1061.297 Z=385.407) RuntimeGrid:None EditorOnly:0 RuntimeOnly:0 HLODRelevant:0 ListedInSceneOutliner:1 IsMainWorldOnly:0
 |   |   |- [+] [ 13]
 |   |   |   |- Guid:D76FB34443C6A8D7F598419269C01852 BaseClass: NativeClass:/Script/Engine.StaticMeshActor Name:StaticMeshActor_1 Label:SM_Cube SpatiallyLoaded:1 Bounds:IsValid=true, Min=(X=0.000 Y=0.000 Z=-50.000), Max=(X=3000.000 Y=3500.000 Z=0.000) RuntimeGrid:None EditorOnly:0 RuntimeOnly:0 HLODRelevant:1 ListedInSceneOutliner:1 IsMainWorldOnly:0 FolderPath:Playground FolderGuid:C73F09FC4215536B1DCE2A9E0A830C70
 |   |   |- [+] [ 14]
 |   |   |   |- Guid:E69AE7ED43CC3BE584852FAED0345E19 BaseClass: NativeClass:/Script/Engine.PostProcessVolume Name:PostProcessVolume_0 Label:PostProcessVolume SpatiallyLoaded:0 Bounds:IsValid=true, Min=(X=0.000 Y=0.000 Z=400.000), Max=(X=200.000 Y=200.000 Z=600.000) RuntimeGrid:None EditorOnly:0 RuntimeOnly:0 HLODRelevant:0 ListedInSceneOutliner:1 IsMainWorldOnly:0 FolderPath:Lighting FolderGuid:963EC3EB4002CCE9759E2EBA541A873A
 |- ContainerInstances:
 |- [+] MainContainer:
 |   |-        ID: 00000000000000000000000000000000
 |   |-  ParentID: 00000000000000000000000000000000
 |   |-    Bounds: IsValid=false, Min=(X=0.000 Y=0.000 Z=0.000), Max=(X=0.000 Y=0.000 Z=0.000)
 |   |- Transform: 0.000000,0.000000,0.000000|0.000000,0.000000,-0.000000|1.000000,1.000000,1.000000
 |   |- Container: /Game/ThirdPerson/Maps/ThirdPersonMap1
----------------------------------------------------------------------------------------------------------------
ThirdPersonMap1 - Persistent Level
----------------------------------------------------------------------------------------------------------------
[+] Content of ThirdPersonMap1 Persistent Level
 |- Always loaded Actor Count: 23 
 |- Actor Path: /Game/ThirdPerson/Maps/ThirdPersonMap1.ThirdPersonMap1:PersistentLevel.AbstractNavData-Default
 |- Actor Package: /Game/ThirdPerson/Maps/ThirdPersonMap1
 |- Actor Path: /Game/ThirdPerson/Maps/ThirdPersonMap1.ThirdPersonMap1:PersistentLevel.BP_house_C_UAID_D843AE06D09DCAFC01_1259027823
 |- Actor Package: /Game/__ExternalActors__/ThirdPerson/Maps/ThirdPersonMap1/5/XD/IZTT5K31ZV3KQZVFGAH55W
 |- Actor Path: /Game/ThirdPerson/Maps/ThirdPersonMap1.ThirdPersonMap1:PersistentLevel.BP_propeller_GEN_VARIABLE_BP_propeller_C_CAT_UAID_D843AE06D09DCAFC01_1259031824
 |- Actor Package: /Game/__ExternalActors__/ThirdPerson/Maps/ThirdPersonMap1/5/XD/IZTT5K31ZV3KQZVFGAH55W
 |- Actor Path: /Game/ThirdPerson/Maps/ThirdPersonMap1.ThirdPersonMap1:PersistentLevel.Brush_0
 |- Actor Package: /Game/ThirdPerson/Maps/ThirdPersonMap1
 |- Actor Path: /Game/ThirdPerson/Maps/ThirdPersonMap1.ThirdPersonMap1:PersistentLevel.DefaultPhysicsVolume_0
 |- Actor Package: /Game/ThirdPerson/Maps/ThirdPersonMap1
 |- Actor Path: /Game/ThirdPerson/Maps/ThirdPersonMap1.ThirdPersonMap1:PersistentLevel.DirectionalLight_0
 |- Actor Package: /Game/__ExternalActors__/ThirdPerson/Maps/ThirdPersonMap1/B/TR/NSZRBMX6PKK2HK399BWIVR
 |- Actor Path: /Game/ThirdPerson/Maps/ThirdPersonMap1.ThirdPersonMap1:PersistentLevel.ExponentialHeightFog_0
 |- Actor Package: /Game/__ExternalActors__/ThirdPerson/Maps/ThirdPersonMap1/6/0W/WYQZQZM9G2WPADN1OES7JU
 |- Actor Path: /Game/ThirdPerson/Maps/ThirdPersonMap1.ThirdPersonMap1:PersistentLevel.GameplayDebuggerPlayerManager_0
 |- Actor Package: /Game/ThirdPerson/Maps/ThirdPersonMap1
 |- Actor Path: /Game/ThirdPerson/Maps/ThirdPersonMap1.ThirdPersonMap1:PersistentLevel.NiagaraActor_UAID_D843AE06D09DCBFC01_1193994047
 |- Actor Package: /Game/__ExternalActors__/ThirdPerson/Maps/ThirdPersonMap1/6/M5/GDKNGZ0I24SD402T4A19OB
 |- Actor Path: /Game/ThirdPerson/Maps/ThirdPersonMap1.ThirdPersonMap1:PersistentLevel.PlayerStart_UAID_D843AE06D09DCAFC01_1901213864
 |- Actor Package: /Game/__ExternalActors__/ThirdPerson/Maps/ThirdPersonMap1/E/QU/U1FOXPLIP2WW3XCEBTF68N
 |- Actor Path: /Game/ThirdPerson/Maps/ThirdPersonMap1.ThirdPersonMap1:PersistentLevel.PostProcessVolume_0
 |- Actor Package: /Game/__ExternalActors__/ThirdPerson/Maps/ThirdPersonMap1/5/2C/3GQXNX93ZAARKAM2DB45PT
 |- Actor Path: /Game/ThirdPerson/Maps/ThirdPersonMap1.ThirdPersonMap1:PersistentLevel.SkyAtmosphere_0
 |- Actor Package: /Game/__ExternalActors__/ThirdPerson/Maps/ThirdPersonMap1/2/71/GI51EMT6WXC6DQKNQ86951
 |- Actor Path: /Game/ThirdPerson/Maps/ThirdPersonMap1.ThirdPersonMap1:PersistentLevel.SkyLight_1
 |- Actor Package: /Game/__ExternalActors__/ThirdPerson/Maps/ThirdPersonMap1/8/O4/K099LJZCB57AN0RGJAETZX
 |- Actor Path: /Game/ThirdPerson/Maps/ThirdPersonMap1.ThirdPersonMap1:PersistentLevel.StaticMeshActor_1
 |- Actor Package: /Game/__ExternalActors__/ThirdPerson/Maps/ThirdPersonMap1/A/U3/QTCINMATP51W0GMP343ADN
 |- Actor Path: /Game/ThirdPerson/Maps/ThirdPersonMap1.ThirdPersonMap1:PersistentLevel.StaticMeshActor_3
 |- Actor Package: /Game/__ExternalActors__/ThirdPerson/Maps/ThirdPersonMap1/F/3R/1RTPP7S3UT0MQGJIBZ29GG
 |- Actor Path: /Game/ThirdPerson/Maps/ThirdPersonMap1.ThirdPersonMap1:PersistentLevel.StaticMeshActor_5
 |- Actor Package: /Game/__ExternalActors__/ThirdPerson/Maps/ThirdPersonMap1/2/MF/JBEN0XNYXOI8ZL18BPOX8S
 |- Actor Path: /Game/ThirdPerson/Maps/ThirdPersonMap1.ThirdPersonMap1:PersistentLevel.StaticMeshActor_UAID_A4AE111137DC5EFB00_1110535423
 |- Actor Package: /Game/__ExternalActors__/ThirdPerson/Maps/ThirdPersonMap1/8/UF/XWU54GQESI2YV2L056DM03
 |- Actor Path: /Game/ThirdPerson/Maps/ThirdPersonMap1.ThirdPersonMap1:PersistentLevel.TextRenderActor_1
 |- Actor Package: /Game/__ExternalActors__/ThirdPerson/Maps/ThirdPersonMap1/C/MF/4BWR9CQD2US75PO7Q03R5Y
 |- Actor Path: /Game/ThirdPerson/Maps/ThirdPersonMap1.ThirdPersonMap1:PersistentLevel.ThirdPersonMap1_C_1
 |- Actor Package: /Game/ThirdPerson/Maps/ThirdPersonMap1
 |- Actor Path: /Game/ThirdPerson/Maps/ThirdPersonMap1.ThirdPersonMap1:PersistentLevel.VolumetricCloud_0
 |- Actor Package: /Game/__ExternalActors__/ThirdPerson/Maps/ThirdPersonMap1/7/0U/7W8PI89LEB8QBLKHWFMZ3B
 |- Actor Path: /Game/ThirdPerson/Maps/ThirdPersonMap1.ThirdPersonMap1:PersistentLevel.WorldDataLayers
 |- Actor Package: /Game/__ExternalActors__/ThirdPerson/Maps/ThirdPersonMap1/B/RD/P7A79W1AL4KZKH09Z02ILP
 |- Actor Path: /Game/ThirdPerson/Maps/ThirdPersonMap1.ThirdPersonMap1:PersistentLevel.WorldInfo_0
 |- Actor Package: /Game/ThirdPerson/Maps/ThirdPersonMap1
 |- Actor Path: /Game/ThirdPerson/Maps/ThirdPersonMap1.ThirdPersonMap1:PersistentLevel.WorldPartitionMiniMap_0
 |- Actor Package: /Game/__ExternalActors__/ThirdPerson/Maps/ThirdPersonMap1/9/HC/KK6MZFWRODQJ227DR0E8F3

----------------------------------------------------------------------------------------------------------------
ThirdPersonMap1 - Runtime Spatial Hash - Streaming Grid - MainGrid
----------------------------------------------------------------------------------------------------------------
            Origin: X=0.000 Y=0.000 Z=0.000
         Cell Size: 12800
      World Bounds: IsValid=false, Min=(X=0.000 Y=0.000 Z=0.000), Max=(X=0.000 Y=0.000 Z=0.000)
     Loading Range: 25600.00
Block Slow Loading: No
 ClientOnlyVisible: No
            Origin: X=0.000 Y=0.000 Z=0.000

[+] Grid Levels: 1
 |- Level  0: Cell Count    0 | Cell Size   12800 | Actor Count    0 (0.0%)

[+] Content of Grid Level 0

