[+] Containers:
 |- [+] Container: /Game/ThirdPerson/Maps/ThirdPersonMap1
 |   |- [+] ActorDescs:
 |   |   |- Guid:0156CD5F4F88569B5EE4D3BDA27C8611 BaseClass: NativeClass:/Script/Engine.StaticMeshActor Name:StaticMeshActor_UAID_D843AE06D09DD5FC01_1206615809 Label:SM_small_rock_05 SpatiallyLoaded:1 Bounds:IsValid=true, Min=(X=466.493 Y=479.314 Z=-18.880), Max=(X=558.022 Y=569.401 Z=20.966) RuntimeGrid:None EditorOnly:0 RuntimeOnly:0 HLODRelevant:1 ListedInSceneOutliner:1 IsMainWorldOnly:0
 |   |   |- Guid:03457A204B810E1F6A45828E11F44B55 BaseClass: NativeClass:/Script/Engine.StaticMeshActor Name:StaticMeshActor_UAID_D843AE06D09DD5FC01_1262367829 Label:SM_small_rock_8 SpatiallyLoaded:1 Bounds:IsValid=true, Min=(X=613.958 Y=1745.124 Z=-18.258), Max=(X=699.000 Y=1817.642 Z=15.924) RuntimeGrid:None EditorOnly:0 RuntimeOnly:0 HLODRelevant:1 ListedInSceneOutliner:1 IsMainWorldOnly:0
 |   |   |- Guid:0FC986854ADBE4AB1981B49B1D4D13CB BaseClass: NativeClass:/Script/Engine.StaticMeshActor Name:StaticMeshActor_UAID_D843AE06D09DD5FC01_1262377842 Label:SM_small_rock_7 SpatiallyLoaded:1 Bounds:IsValid=true, Min=(X=615.762 Y=1740.734 Z=-17.567), Max=(X=697.485 Y=1823.456 Z=18.755) RuntimeGrid:None EditorOnly:0 RuntimeOnly:0 HLODRelevant:1 ListedInSceneOutliner:1 IsMainWorldOnly:0
 |   |   |- Guid:1695DA3C48D6E5EF9A2659AFE5048831 BaseClass: NativeClass:/Script/Engine.StaticMeshActor Name:StaticMeshActor_UAID_D843AE06D09DD5FC01_1206515804 Label:SM_rock_group_06 SpatiallyLoaded:1 Bounds:IsValid=true, Min=(X=366.105 Y=407.432 Z=-18.720), Max=(X=663.780 Y=639.404 Z=31.259) RuntimeGrid:None EditorOnly:0 RuntimeOnly:0 HLODRelevant:1 ListedInSceneOutliner:1 IsMainWorldOnly:0
 |   |   |- Guid:196FED0D4CAA012EED7B0AA1F3A8FF43 BaseClass: NativeClass:/Script/Engine.StaticMeshActor Name:StaticMeshActor_UAID_D843AE06D09DD5FC01_1206595808 Label:SM_small_rock_04 SpatiallyLoaded:1 Bounds:IsValid=true, Min=(X=479.323 Y=486.578 Z=-12.089), Max=(X=544.422 Y=550.426 Z=15.475) RuntimeGrid:None EditorOnly:0 RuntimeOnly:0 HLODRelevant:1 ListedInSceneOutliner:1 IsMainWorldOnly:0
 |   |   |- Guid:1C99ACFA4C2CCD56E0B61CBFE2CD4A5E BaseClass: NativeClass:/Script/Engine.StaticMeshActor Name:StaticMeshActor_UAID_D843AE06D09DD5FC01_1262375838 Label:SM_small_rock_3 SpatiallyLoaded:1 Bounds:IsValid=true, Min=(X=602.694 Y=1714.465 Z=-34.381), Max=(X=707.236 Y=1841.656 Z=25.990) RuntimeGrid:None EditorOnly:0 RuntimeOnly:0 HLODRelevant:1 ListedInSceneOutliner:1 IsMainWorldOnly:0
 |   |   |- Guid:27CC5A5049FBB1B22C3C3C92F72010D0 BaseClass: NativeClass:/Script/Engine.StaticMeshActor Name:StaticMeshActor_UAID_D843AE06D09DD5FC01_1206576807 Label:SM_small_rock_03 SpatiallyLoaded:1 Bounds:IsValid=true, Min=(X=463.261 Y=469.664 Z=-21.711), Max=(X=558.164 Y=568.575 Z=22.297) RuntimeGrid:None EditorOnly:0 RuntimeOnly:0 HLODRelevant:1 ListedInSceneOutliner:1 IsMainWorldOnly:0
 |   |   |- Guid:29BEB0334F2577B57F1F4FA49250F86E BaseClass: NativeClass:/Script/Engine.TextRenderActor Name:TextRenderActor_1 Label:TextRenderActor SpatiallyLoaded:1 Bounds:IsValid=true, Min=(X=-860.100 Y=1100.000 Z=65.013), Max=(X=-860.100 Y=2392.308 Z=215.013) RuntimeGrid:None EditorOnly:0 RuntimeOnly:0 HLODRelevant:0 ListedInSceneOutliner:1 IsMainWorldOnly:0
 |   |   |- Guid:30FB5BF04F57EA43199049AA5C1E5E81 BaseClass: NativeClass:/Script/Engine.StaticMeshActor Name:StaticMeshActor_UAID_D843AE06D09DD5FC01_1152614797 Label:SM_ground_mesh_02 SpatiallyLoaded:1 Bounds:IsValid=true, Min=(X=-489.216 Y=101.056 Z=-23.608), Max=(X=1429.219 Y=2178.067 Z=7.843) RuntimeGrid:None EditorOnly:0 RuntimeOnly:0 HLODRelevant:1 ListedInSceneOutliner:1 IsMainWorldOnly:0
 |   |   |- Guid:3BD61DC4479028ED7D7599A3E48E5884 BaseClass: NativeClass:/Script/Engine.StaticMeshActor Name:StaticMeshActor_UAID_D843AE06D09DD5FC01_1206434800 Label:SM_rock_group_02 SpatiallyLoaded:1 Bounds:IsValid=true, Min=(X=387.773 Y=393.618 Z=-3.524), Max=(X=612.902 Y=656.674 Z=55.081) RuntimeGrid:None EditorOnly:0 RuntimeOnly:0 HLODRelevant:1 ListedInSceneOutliner:1 IsMainWorldOnly:0
 |   |   |- Guid:42A7345748081E64E168B0BB5DB9A7CB BaseClass: NativeClass:/Script/Engine.StaticMeshActor Name:StaticMeshActor_UAID_D843AE06D09DD5FC01_1206535805 Label:SM_small_rock_01 SpatiallyLoaded:1 Bounds:IsValid=true, Min=(X=454.593 Y=468.408 Z=-15.909), Max=(X=556.851 Y=569.455 Z=21.724) RuntimeGrid:None EditorOnly:0 RuntimeOnly:0 HLODRelevant:1 ListedInSceneOutliner:1 IsMainWorldOnly:0
 |   |   |- Guid:54121EA2412CD8F7229072A7F51867D4 BaseClass: NativeClass:/Script/Engine.StaticMeshActor Name:StaticMeshActor_UAID_D843AE06D09DD5FC01_1206555806 Label:SM_small_rock_02 SpatiallyLoaded:1 Bounds:IsValid=true, Min=(X=460.443 Y=460.551 Z=-34.381), Max=(X=564.985 Y=587.741 Z=25.990) RuntimeGrid:None EditorOnly:0 RuntimeOnly:0 HLODRelevant:1 ListedInSceneOutliner:1 IsMainWorldOnly:0
 |   |   |- Guid:5BC015A948711017373311BC02151A50 BaseClass: NativeClass:/Script/Engine.SkyLight Name:SkyLight_1 Label:SkyLight SpatiallyLoaded:0 Bounds:IsValid=true, Min=(X=0.000 Y=0.000 Z=690.000), Max=(X=0.000 Y=0.000 Z=690.000) RuntimeGrid:None EditorOnly:0 RuntimeOnly:0 HLODRelevant:0 ListedInSceneOutliner:1 IsMainWorldOnly:0 FolderPath:Lighting FolderGuid:963EC3EB4002CCE9759E2EBA541A873A
 |   |   |- Guid:6DB99EB347E6750E4F6223914517CB90 BaseClass: NativeClass:/Script/Engine.StaticMeshActor Name:StaticMeshActor_UAID_D843AE06D09DD5FC01_1206393798 Label:SM_small_rock_07 SpatiallyLoaded:1 Bounds:IsValid=true, Min=(X=468.679 Y=484.565 Z=-18.258), Max=(X=553.721 Y=557.083 Z=15.924) RuntimeGrid:None EditorOnly:0 RuntimeOnly:0 HLODRelevant:1 ListedInSceneOutliner:1 IsMainWorldOnly:0
 |   |   |- Guid:70829BE84E6DC6255B9100872551BAE2 BaseClass: NativeClass:/Script/Engine.StaticMeshActor Name:StaticMeshActor_UAID_A4AE111137DC5EFB00_1110535423 Label:SM_SkySphere SpatiallyLoaded:0 Bounds:IsValid=true, Min=(X=-1638400.000 Y=-1638400.000 Z=-1638400.000), Max=(X=1638400.000 Y=1638400.000 Z=1638400.000) RuntimeGrid:None EditorOnly:0 RuntimeOnly:0 HLODRelevant:1 ListedInSceneOutliner:1 IsMainWorldOnly:0 FolderPath:Lighting FolderGuid:963EC3EB4002CCE9759E2EBA541A873A
 |   |   |- Guid:7629C5984FF5F8C2F5B8D8AFF229F538 BaseClass: NativeClass:/Script/Engine.StaticMeshActor Name:StaticMeshActor_UAID_D843AE06D09DD5FC01_1206494803 Label:SM_rock_group_05 SpatiallyLoaded:1 Bounds:IsValid=true, Min=(X=156.998 Y=331.240 Z=-38.603), Max=(X=870.681 Y=690.033 Z=73.365) RuntimeGrid:None EditorOnly:0 RuntimeOnly:0 HLODRelevant:1 ListedInSceneOutliner:1 IsMainWorldOnly:0
 |   |   |- Guid:76700B3849EC97F1F9EF45BFB52D0865 BaseClass: NativeClass:/Script/Engine.StaticMeshActor Name:StaticMeshActor_UAID_D843AE06D09DD5FC01_1206414799 Label:SM_rock_group_01 SpatiallyLoaded:1 Bounds:IsValid=true, Min=(X=254.983 Y=273.960 Z=-10.339), Max=(X=767.827 Y=728.247 Z=130.176) RuntimeGrid:None EditorOnly:0 RuntimeOnly:0 HLODRelevant:1 ListedInSceneOutliner:1 IsMainWorldOnly:0
 |   |   |- Guid:7A3687884AF6DE8EEFA214AF93702FAD BaseClass: NativeClass:/Script/Engine.StaticMeshActor Name:StaticMeshActor_UAID_D843AE06D09DD5FC01_1206635810 Label:SM_small_rock_06 SpatiallyLoaded:1 Bounds:IsValid=true, Min=(X=470.194 Y=478.751 Z=-17.567), Max=(X=551.917 Y=561.472 Z=18.755) RuntimeGrid:None EditorOnly:0 RuntimeOnly:0 HLODRelevant:1 ListedInSceneOutliner:1 IsMainWorldOnly:0
 |   |   |- Guid:818E2054448E8B3D3E7B00A5B555BF9A BaseClass: NativeClass:/Script/Engine.VolumetricCloud Name:VolumetricCloud_0 Label:VolumetricCloud SpatiallyLoaded:0 Bounds:IsValid=true, Min=(X=0.000 Y=0.000 Z=820.000), Max=(X=0.000 Y=0.000 Z=820.000) RuntimeGrid:None EditorOnly:0 RuntimeOnly:0 HLODRelevant:0 ListedInSceneOutliner:1 IsMainWorldOnly:0 FolderPath:Lighting FolderGuid:963EC3EB4002CCE9759E2EBA541A873A
 |   |   |- Guid:836D45EE4E9550B57BDAC18D0E11E72C BaseClass: NativeClass:/Script/Engine.PlayerStart Name:PlayerStart_UAID_D843AE06D09DCAFC01_1901213864 Label:PlayerStart SpatiallyLoaded:0 Bounds:IsValid=true, Min=(X=-130.000 Y=1340.000 Z=58.000), Max=(X=-50.000 Y=1420.000 Z=242.000) RuntimeGrid:None EditorOnly:0 RuntimeOnly:0 HLODRelevant:0 ListedInSceneOutliner:1 IsMainWorldOnly:0
 |   |   |- Guid:89ED209541A1E3ADE265DD94A51824FE BaseClass: NativeClass:/Script/Engine.ExponentialHeightFog Name:ExponentialHeightFog_0 Label:ExponentialHeightFog SpatiallyLoaded:0 Bounds:IsValid=true, Min=(X=-5600.000 Y=-50.000 Z=-6850.000), Max=(X=-5600.000 Y=-50.000 Z=-6850.000) RuntimeGrid:None EditorOnly:0 RuntimeOnly:0 HLODRelevant:0 ListedInSceneOutliner:1 IsMainWorldOnly:0 FolderPath:Lighting FolderGuid:963EC3EB4002CCE9759E2EBA541A873A
 |   |   |- Guid:8D3ADC2E40641E088DDCF2B39C030BAE BaseClass: NativeClass:/Script/Engine.StaticMeshActor Name:StaticMeshActor_UAID_D843AE06D09DD5FC01_1262373836 Label:SM_rock_group_7 SpatiallyLoaded:1 Bounds:IsValid=true, Min=(X=503.899 Y=1662.802 Z=-18.720), Max=(X=801.574 Y=1894.775 Z=31.259) RuntimeGrid:None EditorOnly:0 RuntimeOnly:0 HLODRelevant:1 ListedInSceneOutliner:1 IsMainWorldOnly:0
 |   |   |- Guid:9066A6034888A1CDDBBD63871EFD1DF7 BaseClass: NativeClass:/Script/Engine.StaticMeshActor Name:StaticMeshActor_UAID_D843AE06D09DD5FC01_1262370831 Label:SM_rock_group_2 SpatiallyLoaded:1 Bounds:IsValid=true, Min=(X=399.852 Y=1573.960 Z=-10.339), Max=(X=912.695 Y=2028.247 Z=130.176) RuntimeGrid:None EditorOnly:0 RuntimeOnly:0 HLODRelevant:1 ListedInSceneOutliner:1 IsMainWorldOnly:0
 |   |   |- Guid:92A336DB453C6B76854399B94399DEFA BaseClass: NativeClass:/Script/Engine.StaticMeshActor Name:StaticMeshActor_UAID_D843AE06D09DD5FC01_1262372834 Label:SM_rock_group_5 SpatiallyLoaded:1 Bounds:IsValid=true, Min=(X=468.529 Y=1693.037 Z=-19.374), Max=(X=842.801 Y=1881.197 Z=39.344) RuntimeGrid:None EditorOnly:0 RuntimeOnly:0 HLODRelevant:1 ListedInSceneOutliner:1 IsMainWorldOnly:0
 |   |   |- Guid:A03187DB46CEAEEA5786A99BF4109FE2 BaseClass: NativeClass:/Script/Engine.StaticMeshActor Name:StaticMeshActor_UAID_D843AE06D09DD5FC01_1262376840 Label:SM_small_rock_5 SpatiallyLoaded:1 Bounds:IsValid=true, Min=(X=623.257 Y=1751.781 Z=-12.089), Max=(X=688.356 Y=1815.629 Z=15.475) RuntimeGrid:None EditorOnly:0 RuntimeOnly:0 HLODRelevant:1 ListedInSceneOutliner:1 IsMainWorldOnly:0
 |   |   |- Guid:ABBA984142C3146F5E2FF387816F0050 BaseClass: NativeClass:/Script/Engine.SkyAtmosphere Name:SkyAtmosphere_0 Label:SkyAtmosphere SpatiallyLoaded:0 Bounds:IsValid=true, Min=(X=0.000 Y=0.000 Z=1020.000), Max=(X=0.000 Y=0.000 Z=1020.000) RuntimeGrid:None EditorOnly:0 RuntimeOnly:0 HLODRelevant:0 ListedInSceneOutliner:1 IsMainWorldOnly:0 FolderPath:Lighting FolderGuid:963EC3EB4002CCE9759E2EBA541A873A
 |   |   |- Guid:B499E1574183B445F439A195A88E7998 BaseClass: NativeClass:/Script/Engine.StaticMeshActor Name:StaticMeshActor_UAID_D843AE06D09DD5FC01_1341173863 Label:SM_ground_mesh_3 SpatiallyLoaded:1 Bounds:IsValid=true, Min=(X=-489.216 Y=-1958.944 Z=-23.608), Max=(X=1429.219 Y=118.067 Z=7.843) RuntimeGrid:None EditorOnly:0 RuntimeOnly:0 HLODRelevant:1 ListedInSceneOutliner:1 IsMainWorldOnly:0
 |   |   |- Guid:B771DF304BE650871E3F1F8580E58E1B BaseClass: NativeClass:/Script/Engine.StaticMeshActor Name:StaticMeshActor_UAID_D843AE06D09DD5FC01_1120590796 Label:SM_speeder SpatiallyLoaded:1 Bounds:IsValid=true, Min=(X=179.533 Y=774.213 Z=23.495), Max=(X=279.571 Y=1026.035 Z=147.312) RuntimeGrid:None EditorOnly:0 RuntimeOnly:0 HLODRelevant:1 ListedInSceneOutliner:1 IsMainWorldOnly:0
 |   |   |- Guid:B78A469F46791545759537AF1AFB506D BaseClass: NativeClass:/Script/Engine.WorldDataLayers Name:WorldDataLayers Label:WorldDataLayers SpatiallyLoaded:0 Bounds:Invalid RuntimeGrid:None EditorOnly:0 RuntimeOnly:0 HLODRelevant:0 ListedInSceneOutliner:1 IsMainWorldOnly:1
 |   |   |- Guid:BA93BA3944AA5EC5A60D349F77971589 BaseClass: NativeClass:/Script/Engine.DirectionalLight Name:DirectionalLight_0 Label:DirectionalLight SpatiallyLoaded:0 Bounds:IsValid=true, Min=(X=-4398046511104.000 Y=-4398046511104.000 Z=-4398046511104.000), Max=(X=4398046511104.000 Y=4398046511104.000 Z=4398046511104.000) RuntimeGrid:None EditorOnly:0 RuntimeOnly:0 HLODRelevant:0 ListedInSceneOutliner:1 IsMainWorldOnly:0 FolderPath:Lighting FolderGuid:963EC3EB4002CCE9759E2EBA541A873A
 |   |   |- Guid:C2FD0248435905A3F909159CFFB0A945 BaseClass: NativeClass:/Script/Engine.StaticMeshActor Name:StaticMeshActor_UAID_D843AE06D09DD5FC01_1262372835 Label:SM_rock_group_6 SpatiallyLoaded:1 Bounds:IsValid=true, Min=(X=296.998 Y=1612.174 Z=-38.603), Max=(X=1010.681 Y=1970.966 Z=73.365) RuntimeGrid:None EditorOnly:0 RuntimeOnly:0 HLODRelevant:1 ListedInSceneOutliner:1 IsMainWorldOnly:0
 |   |   |- Guid:C42306C24135ABF17921B2A869CE5B34 BaseClass:/Game/Sci_FI_Valley_Village/BP/House/BP_house.BP_house_C NativeClass:/Script/Engine.Actor Name:BP_house_C_UAID_D843AE06D09DCAFC01_1259027823 Label:BP_house SpatiallyLoaded:1 Bounds:IsValid=true, Min=(X=-376.387 Y=770.641 Z=-88.407), Max=(X=321.297 Y=1905.878 Z=385.407) RuntimeGrid:None EditorOnly:0 RuntimeOnly:0 HLODRelevant:0 ListedInSceneOutliner:1 IsMainWorldOnly:0
 |   |   |- Guid:CA6BC90B4615B02C9E6984A9E6B9EAFE BaseClass: NativeClass:/Script/Engine.StaticMeshActor Name:StaticMeshActor_UAID_D843AE06D09DD5FC01_1262371832 Label:SM_rock_group_3 SpatiallyLoaded:1 Bounds:IsValid=true, Min=(X=554.776 Y=1645.532 Z=-3.524), Max=(X=779.906 Y=1908.588 Z=55.081) RuntimeGrid:None EditorOnly:0 RuntimeOnly:0 HLODRelevant:1 ListedInSceneOutliner:1 IsMainWorldOnly:0
 |   |   |- Guid:CDE514CB4354D468FA7D26B86EE69384 BaseClass: NativeClass:/Script/Engine.StaticMeshActor Name:StaticMeshActor_UAID_D843AE06D09DD5FC01_1262375839 Label:SM_small_rock_4 SpatiallyLoaded:1 Bounds:IsValid=true, Min=(X=609.515 Y=1733.632 Z=-21.711), Max=(X=704.418 Y=1832.542 Z=22.297) RuntimeGrid:None EditorOnly:0 RuntimeOnly:0 HLODRelevant:1 ListedInSceneOutliner:1 IsMainWorldOnly:0
 |   |   |- Guid:CEA5B1324CD8920B5DEA12A9D121ADE3 BaseClass: NativeClass:/Script/Engine.StaticMeshActor Name:StaticMeshActor_UAID_D843AE06D09DD5FC01_1206474802 Label:SM_rock_group_04 SpatiallyLoaded:1 Bounds:IsValid=true, Min=(X=324.878 Y=421.010 Z=-19.374), Max=(X=699.150 Y=609.169 Z=39.344) RuntimeGrid:None EditorOnly:0 RuntimeOnly:0 HLODRelevant:1 ListedInSceneOutliner:1 IsMainWorldOnly:0
 |   |   |- Guid:D2AC8B3049DBC3ED0F4D3DAC99ED1200 BaseClass: NativeClass:/Script/Engine.StaticMeshActor Name:StaticMeshActor_UAID_D843AE06D09DD5FC01_1262371833 Label:SM_rock_group_4 SpatiallyLoaded:1 Bounds:IsValid=true, Min=(X=550.641 Y=1671.223 Z=-18.982), Max=(X=773.452 Y=1892.140 Z=49.701) RuntimeGrid:None EditorOnly:0 RuntimeOnly:0 HLODRelevant:1 ListedInSceneOutliner:1 IsMainWorldOnly:0
 |   |   |- Guid:D63589D9484E4E380D081BBE7C3EDF6E BaseClass: NativeClass:/Script/Engine.StaticMeshActor Name:StaticMeshActor_UAID_D843AE06D09DD5FC01_1332439862 Label:SM_wind_turbine SpatiallyLoaded:1 Bounds:IsValid=true, Min=(X=-271.961 Y=-2273.918 Z=-10.348), Max=(X=1611.082 Y=-1103.604 Z=3690.622) RuntimeGrid:None EditorOnly:0 RuntimeOnly:0 HLODRelevant:1 ListedInSceneOutliner:1 IsMainWorldOnly:0
 |   |   |- Guid:D8109CEF4B87B8942CAAF5B77D0EED2E BaseClass: NativeClass:/Script/Engine.StaticMeshActor Name:StaticMeshActor_UAID_D843AE06D09DD5FC01_1262376841 Label:SM_small_rock_6 SpatiallyLoaded:1 Bounds:IsValid=true, Min=(X=609.657 Y=1732.806 Z=-18.880), Max=(X=701.186 Y=1822.892 Z=20.966) RuntimeGrid:None EditorOnly:0 RuntimeOnly:0 HLODRelevant:1 ListedInSceneOutliner:1 IsMainWorldOnly:0
 |   |   |- Guid:E69AE7ED43CC3BE584852FAED0345E19 BaseClass: NativeClass:/Script/Engine.PostProcessVolume Name:PostProcessVolume_0 Label:PostProcessVolume SpatiallyLoaded:0 Bounds:IsValid=true, Min=(X=0.000 Y=0.000 Z=400.000), Max=(X=200.000 Y=200.000 Z=600.000) RuntimeGrid:None EditorOnly:0 RuntimeOnly:0 HLODRelevant:0 ListedInSceneOutliner:1 IsMainWorldOnly:0 FolderPath:Lighting FolderGuid:963EC3EB4002CCE9759E2EBA541A873A
 |   |   |- Guid:F3B61AC045AD363E0D22C29F3C40C023 BaseClass: NativeClass:/Script/Engine.StaticMeshActor Name:StaticMeshActor_UAID_D843AE06D09DD5FC01_1262374837 Label:SM_small_rock_2 SpatiallyLoaded:1 Bounds:IsValid=true, Min=(X=610.828 Y=1732.752 Z=-15.909), Max=(X=713.086 Y=1833.799 Z=21.724) RuntimeGrid:None EditorOnly:0 RuntimeOnly:0 HLODRelevant:1 ListedInSceneOutliner:1 IsMainWorldOnly:0
 |   |   |- Guid:F3F34B9E446DE90DD63C8F96D76DBAEE BaseClass: NativeClass:/Script/Engine.StaticMeshActor Name:StaticMeshActor_UAID_D843AE06D09DD5FC01_1344116864 Label:SM_ground_mesh_4 SpatiallyLoaded:1 Bounds:IsValid=true, Min=(X=-489.216 Y=2161.056 Z=-23.608), Max=(X=1429.219 Y=4238.067 Z=7.843) RuntimeGrid:None EditorOnly:0 RuntimeOnly:0 HLODRelevant:1 ListedInSceneOutliner:1 IsMainWorldOnly:0
 |   |   |- Guid:FE01062549E38A2E2BF93F94CFB9ABAC BaseClass: NativeClass:/Script/Engine.StaticMeshActor Name:StaticMeshActor_UAID_D843AE06D09DD5FC01_1206454801 Label:SM_rock_group_03 SpatiallyLoaded:1 Bounds:IsValid=true, Min=(X=394.227 Y=410.066 Z=-18.982), Max=(X=617.038 Y=630.984 Z=49.701) RuntimeGrid:None EditorOnly:0 RuntimeOnly:0 HLODRelevant:1 ListedInSceneOutliner:1 IsMainWorldOnly:0
 |   |- [+] Clusters:
 |   |   |- [+] [  0]
 |   |   |   |- Guid:0156CD5F4F88569B5EE4D3BDA27C8611 BaseClass: NativeClass:/Script/Engine.StaticMeshActor Name:StaticMeshActor_UAID_D843AE06D09DD5FC01_1206615809 Label:SM_small_rock_05 SpatiallyLoaded:1 Bounds:IsValid=true, Min=(X=466.493 Y=479.314 Z=-18.880), Max=(X=558.022 Y=569.401 Z=20.966) RuntimeGrid:None EditorOnly:0 RuntimeOnly:0 HLODRelevant:1 ListedInSceneOutliner:1 IsMainWorldOnly:0
 |   |   |- [+] [  1]
 |   |   |   |- Guid:03457A204B810E1F6A45828E11F44B55 BaseClass: NativeClass:/Script/Engine.StaticMeshActor Name:StaticMeshActor_UAID_D843AE06D09DD5FC01_1262367829 Label:SM_small_rock_8 SpatiallyLoaded:1 Bounds:IsValid=true, Min=(X=613.958 Y=1745.124 Z=-18.258), Max=(X=699.000 Y=1817.642 Z=15.924) RuntimeGrid:None EditorOnly:0 RuntimeOnly:0 HLODRelevant:1 ListedInSceneOutliner:1 IsMainWorldOnly:0
 |   |   |- [+] [  2]
 |   |   |   |- Guid:0FC986854ADBE4AB1981B49B1D4D13CB BaseClass: NativeClass:/Script/Engine.StaticMeshActor Name:StaticMeshActor_UAID_D843AE06D09DD5FC01_1262377842 Label:SM_small_rock_7 SpatiallyLoaded:1 Bounds:IsValid=true, Min=(X=615.762 Y=1740.734 Z=-17.567), Max=(X=697.485 Y=1823.456 Z=18.755) RuntimeGrid:None EditorOnly:0 RuntimeOnly:0 HLODRelevant:1 ListedInSceneOutliner:1 IsMainWorldOnly:0
 |   |   |- [+] [  3]
 |   |   |   |- Guid:1695DA3C48D6E5EF9A2659AFE5048831 BaseClass: NativeClass:/Script/Engine.StaticMeshActor Name:StaticMeshActor_UAID_D843AE06D09DD5FC01_1206515804 Label:SM_rock_group_06 SpatiallyLoaded:1 Bounds:IsValid=true, Min=(X=366.105 Y=407.432 Z=-18.720), Max=(X=663.780 Y=639.404 Z=31.259) RuntimeGrid:None EditorOnly:0 RuntimeOnly:0 HLODRelevant:1 ListedInSceneOutliner:1 IsMainWorldOnly:0
 |   |   |- [+] [  4]
 |   |   |   |- Guid:196FED0D4CAA012EED7B0AA1F3A8FF43 BaseClass: NativeClass:/Script/Engine.StaticMeshActor Name:StaticMeshActor_UAID_D843AE06D09DD5FC01_1206595808 Label:SM_small_rock_04 SpatiallyLoaded:1 Bounds:IsValid=true, Min=(X=479.323 Y=486.578 Z=-12.089), Max=(X=544.422 Y=550.426 Z=15.475) RuntimeGrid:None EditorOnly:0 RuntimeOnly:0 HLODRelevant:1 ListedInSceneOutliner:1 IsMainWorldOnly:0
 |   |   |- [+] [  5]
 |   |   |   |- Guid:1C99ACFA4C2CCD56E0B61CBFE2CD4A5E BaseClass: NativeClass:/Script/Engine.StaticMeshActor Name:StaticMeshActor_UAID_D843AE06D09DD5FC01_1262375838 Label:SM_small_rock_3 SpatiallyLoaded:1 Bounds:IsValid=true, Min=(X=602.694 Y=1714.465 Z=-34.381), Max=(X=707.236 Y=1841.656 Z=25.990) RuntimeGrid:None EditorOnly:0 RuntimeOnly:0 HLODRelevant:1 ListedInSceneOutliner:1 IsMainWorldOnly:0
 |   |   |- [+] [  6]
 |   |   |   |- Guid:27CC5A5049FBB1B22C3C3C92F72010D0 BaseClass: NativeClass:/Script/Engine.StaticMeshActor Name:StaticMeshActor_UAID_D843AE06D09DD5FC01_1206576807 Label:SM_small_rock_03 SpatiallyLoaded:1 Bounds:IsValid=true, Min=(X=463.261 Y=469.664 Z=-21.711), Max=(X=558.164 Y=568.575 Z=22.297) RuntimeGrid:None EditorOnly:0 RuntimeOnly:0 HLODRelevant:1 ListedInSceneOutliner:1 IsMainWorldOnly:0
 |   |   |- [+] [  7]
 |   |   |   |- Guid:29BEB0334F2577B57F1F4FA49250F86E BaseClass: NativeClass:/Script/Engine.TextRenderActor Name:TextRenderActor_1 Label:TextRenderActor SpatiallyLoaded:1 Bounds:IsValid=true, Min=(X=-860.100 Y=1100.000 Z=65.013), Max=(X=-860.100 Y=2392.308 Z=215.013) RuntimeGrid:None EditorOnly:0 RuntimeOnly:0 HLODRelevant:0 ListedInSceneOutliner:1 IsMainWorldOnly:0
 |   |   |- [+] [  8]
 |   |   |   |- Guid:30FB5BF04F57EA43199049AA5C1E5E81 BaseClass: NativeClass:/Script/Engine.StaticMeshActor Name:StaticMeshActor_UAID_D843AE06D09DD5FC01_1152614797 Label:SM_ground_mesh_02 SpatiallyLoaded:1 Bounds:IsValid=true, Min=(X=-489.216 Y=101.056 Z=-23.608), Max=(X=1429.219 Y=2178.067 Z=7.843) RuntimeGrid:None EditorOnly:0 RuntimeOnly:0 HLODRelevant:1 ListedInSceneOutliner:1 IsMainWorldOnly:0
 |   |   |- [+] [  9]
 |   |   |   |- Guid:3BD61DC4479028ED7D7599A3E48E5884 BaseClass: NativeClass:/Script/Engine.StaticMeshActor Name:StaticMeshActor_UAID_D843AE06D09DD5FC01_1206434800 Label:SM_rock_group_02 SpatiallyLoaded:1 Bounds:IsValid=true, Min=(X=387.773 Y=393.618 Z=-3.524), Max=(X=612.902 Y=656.674 Z=55.081) RuntimeGrid:None EditorOnly:0 RuntimeOnly:0 HLODRelevant:1 ListedInSceneOutliner:1 IsMainWorldOnly:0
 |   |   |- [+] [ 10]
 |   |   |   |- Guid:42A7345748081E64E168B0BB5DB9A7CB BaseClass: NativeClass:/Script/Engine.StaticMeshActor Name:StaticMeshActor_UAID_D843AE06D09DD5FC01_1206535805 Label:SM_small_rock_01 SpatiallyLoaded:1 Bounds:IsValid=true, Min=(X=454.593 Y=468.408 Z=-15.909), Max=(X=556.851 Y=569.455 Z=21.724) RuntimeGrid:None EditorOnly:0 RuntimeOnly:0 HLODRelevant:1 ListedInSceneOutliner:1 IsMainWorldOnly:0
 |   |   |- [+] [ 11]
 |   |   |   |- Guid:54121EA2412CD8F7229072A7F51867D4 BaseClass: NativeClass:/Script/Engine.StaticMeshActor Name:StaticMeshActor_UAID_D843AE06D09DD5FC01_1206555806 Label:SM_small_rock_02 SpatiallyLoaded:1 Bounds:IsValid=true, Min=(X=460.443 Y=460.551 Z=-34.381), Max=(X=564.985 Y=587.741 Z=25.990) RuntimeGrid:None EditorOnly:0 RuntimeOnly:0 HLODRelevant:1 ListedInSceneOutliner:1 IsMainWorldOnly:0
 |   |   |- [+] [ 12]
 |   |   |   |- Guid:5BC015A948711017373311BC02151A50 BaseClass: NativeClass:/Script/Engine.SkyLight Name:SkyLight_1 Label:SkyLight SpatiallyLoaded:0 Bounds:IsValid=true, Min=(X=0.000 Y=0.000 Z=690.000), Max=(X=0.000 Y=0.000 Z=690.000) RuntimeGrid:None EditorOnly:0 RuntimeOnly:0 HLODRelevant:0 ListedInSceneOutliner:1 IsMainWorldOnly:0 FolderPath:Lighting FolderGuid:963EC3EB4002CCE9759E2EBA541A873A
 |   |   |- [+] [ 13]
 |   |   |   |- Guid:6DB99EB347E6750E4F6223914517CB90 BaseClass: NativeClass:/Script/Engine.StaticMeshActor Name:StaticMeshActor_UAID_D843AE06D09DD5FC01_1206393798 Label:SM_small_rock_07 SpatiallyLoaded:1 Bounds:IsValid=true, Min=(X=468.679 Y=484.565 Z=-18.258), Max=(X=553.721 Y=557.083 Z=15.924) RuntimeGrid:None EditorOnly:0 RuntimeOnly:0 HLODRelevant:1 ListedInSceneOutliner:1 IsMainWorldOnly:0
 |   |   |- [+] [ 14]
 |   |   |   |- Guid:70829BE84E6DC6255B9100872551BAE2 BaseClass: NativeClass:/Script/Engine.StaticMeshActor Name:StaticMeshActor_UAID_A4AE111137DC5EFB00_1110535423 Label:SM_SkySphere SpatiallyLoaded:0 Bounds:IsValid=true, Min=(X=-1638400.000 Y=-1638400.000 Z=-1638400.000), Max=(X=1638400.000 Y=1638400.000 Z=1638400.000) RuntimeGrid:None EditorOnly:0 RuntimeOnly:0 HLODRelevant:1 ListedInSceneOutliner:1 IsMainWorldOnly:0 FolderPath:Lighting FolderGuid:963EC3EB4002CCE9759E2EBA541A873A
 |   |   |- [+] [ 15]
 |   |   |   |- Guid:7629C5984FF5F8C2F5B8D8AFF229F538 BaseClass: NativeClass:/Script/Engine.StaticMeshActor Name:StaticMeshActor_UAID_D843AE06D09DD5FC01_1206494803 Label:SM_rock_group_05 SpatiallyLoaded:1 Bounds:IsValid=true, Min=(X=156.998 Y=331.240 Z=-38.603), Max=(X=870.681 Y=690.033 Z=73.365) RuntimeGrid:None EditorOnly:0 RuntimeOnly:0 HLODRelevant:1 ListedInSceneOutliner:1 IsMainWorldOnly:0
 |   |   |- [+] [ 16]
 |   |   |   |- Guid:76700B3849EC97F1F9EF45BFB52D0865 BaseClass: NativeClass:/Script/Engine.StaticMeshActor Name:StaticMeshActor_UAID_D843AE06D09DD5FC01_1206414799 Label:SM_rock_group_01 SpatiallyLoaded:1 Bounds:IsValid=true, Min=(X=254.983 Y=273.960 Z=-10.339), Max=(X=767.827 Y=728.247 Z=130.176) RuntimeGrid:None EditorOnly:0 RuntimeOnly:0 HLODRelevant:1 ListedInSceneOutliner:1 IsMainWorldOnly:0
 |   |   |- [+] [ 17]
 |   |   |   |- Guid:7A3687884AF6DE8EEFA214AF93702FAD BaseClass: NativeClass:/Script/Engine.StaticMeshActor Name:StaticMeshActor_UAID_D843AE06D09DD5FC01_1206635810 Label:SM_small_rock_06 SpatiallyLoaded:1 Bounds:IsValid=true, Min=(X=470.194 Y=478.751 Z=-17.567), Max=(X=551.917 Y=561.472 Z=18.755) RuntimeGrid:None EditorOnly:0 RuntimeOnly:0 HLODRelevant:1 ListedInSceneOutliner:1 IsMainWorldOnly:0
 |   |   |- [+] [ 18]
 |   |   |   |- Guid:818E2054448E8B3D3E7B00A5B555BF9A BaseClass: NativeClass:/Script/Engine.VolumetricCloud Name:VolumetricCloud_0 Label:VolumetricCloud SpatiallyLoaded:0 Bounds:IsValid=true, Min=(X=0.000 Y=0.000 Z=820.000), Max=(X=0.000 Y=0.000 Z=820.000) RuntimeGrid:None EditorOnly:0 RuntimeOnly:0 HLODRelevant:0 ListedInSceneOutliner:1 IsMainWorldOnly:0 FolderPath:Lighting FolderGuid:963EC3EB4002CCE9759E2EBA541A873A
 |   |   |- [+] [ 19]
 |   |   |   |- Guid:836D45EE4E9550B57BDAC18D0E11E72C BaseClass: NativeClass:/Script/Engine.PlayerStart Name:PlayerStart_UAID_D843AE06D09DCAFC01_1901213864 Label:PlayerStart SpatiallyLoaded:0 Bounds:IsValid=true, Min=(X=-130.000 Y=1340.000 Z=58.000), Max=(X=-50.000 Y=1420.000 Z=242.000) RuntimeGrid:None EditorOnly:0 RuntimeOnly:0 HLODRelevant:0 ListedInSceneOutliner:1 IsMainWorldOnly:0
 |   |   |- [+] [ 20]
 |   |   |   |- Guid:89ED209541A1E3ADE265DD94A51824FE BaseClass: NativeClass:/Script/Engine.ExponentialHeightFog Name:ExponentialHeightFog_0 Label:ExponentialHeightFog SpatiallyLoaded:0 Bounds:IsValid=true, Min=(X=-5600.000 Y=-50.000 Z=-6850.000), Max=(X=-5600.000 Y=-50.000 Z=-6850.000) RuntimeGrid:None EditorOnly:0 RuntimeOnly:0 HLODRelevant:0 ListedInSceneOutliner:1 IsMainWorldOnly:0 FolderPath:Lighting FolderGuid:963EC3EB4002CCE9759E2EBA541A873A
 |   |   |- [+] [ 21]
 |   |   |   |- Guid:8D3ADC2E40641E088DDCF2B39C030BAE BaseClass: NativeClass:/Script/Engine.StaticMeshActor Name:StaticMeshActor_UAID_D843AE06D09DD5FC01_1262373836 Label:SM_rock_group_7 SpatiallyLoaded:1 Bounds:IsValid=true, Min=(X=503.899 Y=1662.802 Z=-18.720), Max=(X=801.574 Y=1894.775 Z=31.259) RuntimeGrid:None EditorOnly:0 RuntimeOnly:0 HLODRelevant:1 ListedInSceneOutliner:1 IsMainWorldOnly:0
 |   |   |- [+] [ 22]
 |   |   |   |- Guid:9066A6034888A1CDDBBD63871EFD1DF7 BaseClass: NativeClass:/Script/Engine.StaticMeshActor Name:StaticMeshActor_UAID_D843AE06D09DD5FC01_1262370831 Label:SM_rock_group_2 SpatiallyLoaded:1 Bounds:IsValid=true, Min=(X=399.852 Y=1573.960 Z=-10.339), Max=(X=912.695 Y=2028.247 Z=130.176) RuntimeGrid:None EditorOnly:0 RuntimeOnly:0 HLODRelevant:1 ListedInSceneOutliner:1 IsMainWorldOnly:0
 |   |   |- [+] [ 23]
 |   |   |   |- Guid:92A336DB453C6B76854399B94399DEFA BaseClass: NativeClass:/Script/Engine.StaticMeshActor Name:StaticMeshActor_UAID_D843AE06D09DD5FC01_1262372834 Label:SM_rock_group_5 SpatiallyLoaded:1 Bounds:IsValid=true, Min=(X=468.529 Y=1693.037 Z=-19.374), Max=(X=842.801 Y=1881.197 Z=39.344) RuntimeGrid:None EditorOnly:0 RuntimeOnly:0 HLODRelevant:1 ListedInSceneOutliner:1 IsMainWorldOnly:0
 |   |   |- [+] [ 24]
 |   |   |   |- Guid:A03187DB46CEAEEA5786A99BF4109FE2 BaseClass: NativeClass:/Script/Engine.StaticMeshActor Name:StaticMeshActor_UAID_D843AE06D09DD5FC01_1262376840 Label:SM_small_rock_5 SpatiallyLoaded:1 Bounds:IsValid=true, Min=(X=623.257 Y=1751.781 Z=-12.089), Max=(X=688.356 Y=1815.629 Z=15.475) RuntimeGrid:None EditorOnly:0 RuntimeOnly:0 HLODRelevant:1 ListedInSceneOutliner:1 IsMainWorldOnly:0
 |   |   |- [+] [ 25]
 |   |   |   |- Guid:ABBA984142C3146F5E2FF387816F0050 BaseClass: NativeClass:/Script/Engine.SkyAtmosphere Name:SkyAtmosphere_0 Label:SkyAtmosphere SpatiallyLoaded:0 Bounds:IsValid=true, Min=(X=0.000 Y=0.000 Z=1020.000), Max=(X=0.000 Y=0.000 Z=1020.000) RuntimeGrid:None EditorOnly:0 RuntimeOnly:0 HLODRelevant:0 ListedInSceneOutliner:1 IsMainWorldOnly:0 FolderPath:Lighting FolderGuid:963EC3EB4002CCE9759E2EBA541A873A
 |   |   |- [+] [ 26]
 |   |   |   |- Guid:B499E1574183B445F439A195A88E7998 BaseClass: NativeClass:/Script/Engine.StaticMeshActor Name:StaticMeshActor_UAID_D843AE06D09DD5FC01_1341173863 Label:SM_ground_mesh_3 SpatiallyLoaded:1 Bounds:IsValid=true, Min=(X=-489.216 Y=-1958.944 Z=-23.608), Max=(X=1429.219 Y=118.067 Z=7.843) RuntimeGrid:None EditorOnly:0 RuntimeOnly:0 HLODRelevant:1 ListedInSceneOutliner:1 IsMainWorldOnly:0
 |   |   |- [+] [ 27]
 |   |   |   |- Guid:B771DF304BE650871E3F1F8580E58E1B BaseClass: NativeClass:/Script/Engine.StaticMeshActor Name:StaticMeshActor_UAID_D843AE06D09DD5FC01_1120590796 Label:SM_speeder SpatiallyLoaded:1 Bounds:IsValid=true, Min=(X=179.533 Y=774.213 Z=23.495), Max=(X=279.571 Y=1026.035 Z=147.312) RuntimeGrid:None EditorOnly:0 RuntimeOnly:0 HLODRelevant:1 ListedInSceneOutliner:1 IsMainWorldOnly:0
 |   |   |- [+] [ 28]
 |   |   |   |- Guid:B78A469F46791545759537AF1AFB506D BaseClass: NativeClass:/Script/Engine.WorldDataLayers Name:WorldDataLayers Label:WorldDataLayers SpatiallyLoaded:0 Bounds:Invalid RuntimeGrid:None EditorOnly:0 RuntimeOnly:0 HLODRelevant:0 ListedInSceneOutliner:1 IsMainWorldOnly:1
 |   |   |- [+] [ 29]
 |   |   |   |- Guid:BA93BA3944AA5EC5A60D349F77971589 BaseClass: NativeClass:/Script/Engine.DirectionalLight Name:DirectionalLight_0 Label:DirectionalLight SpatiallyLoaded:0 Bounds:IsValid=true, Min=(X=-4398046511104.000 Y=-4398046511104.000 Z=-4398046511104.000), Max=(X=4398046511104.000 Y=4398046511104.000 Z=4398046511104.000) RuntimeGrid:None EditorOnly:0 RuntimeOnly:0 HLODRelevant:0 ListedInSceneOutliner:1 IsMainWorldOnly:0 FolderPath:Lighting FolderGuid:963EC3EB4002CCE9759E2EBA541A873A
 |   |   |- [+] [ 30]
 |   |   |   |- Guid:C2FD0248435905A3F909159CFFB0A945 BaseClass: NativeClass:/Script/Engine.StaticMeshActor Name:StaticMeshActor_UAID_D843AE06D09DD5FC01_1262372835 Label:SM_rock_group_6 SpatiallyLoaded:1 Bounds:IsValid=true, Min=(X=296.998 Y=1612.174 Z=-38.603), Max=(X=1010.681 Y=1970.966 Z=73.365) RuntimeGrid:None EditorOnly:0 RuntimeOnly:0 HLODRelevant:1 ListedInSceneOutliner:1 IsMainWorldOnly:0
 |   |   |- [+] [ 31]
 |   |   |   |- Guid:C42306C24135ABF17921B2A869CE5B34 BaseClass:/Game/Sci_FI_Valley_Village/BP/House/BP_house.BP_house_C NativeClass:/Script/Engine.Actor Name:BP_house_C_UAID_D843AE06D09DCAFC01_1259027823 Label:BP_house SpatiallyLoaded:1 Bounds:IsValid=true, Min=(X=-376.387 Y=770.641 Z=-88.407), Max=(X=321.297 Y=1905.878 Z=385.407) RuntimeGrid:None EditorOnly:0 RuntimeOnly:0 HLODRelevant:0 ListedInSceneOutliner:1 IsMainWorldOnly:0
 |   |   |- [+] [ 32]
 |   |   |   |- Guid:CA6BC90B4615B02C9E6984A9E6B9EAFE BaseClass: NativeClass:/Script/Engine.StaticMeshActor Name:StaticMeshActor_UAID_D843AE06D09DD5FC01_1262371832 Label:SM_rock_group_3 SpatiallyLoaded:1 Bounds:IsValid=true, Min=(X=554.776 Y=1645.532 Z=-3.524), Max=(X=779.906 Y=1908.588 Z=55.081) RuntimeGrid:None EditorOnly:0 RuntimeOnly:0 HLODRelevant:1 ListedInSceneOutliner:1 IsMainWorldOnly:0
 |   |   |- [+] [ 33]
 |   |   |   |- Guid:CDE514CB4354D468FA7D26B86EE69384 BaseClass: NativeClass:/Script/Engine.StaticMeshActor Name:StaticMeshActor_UAID_D843AE06D09DD5FC01_1262375839 Label:SM_small_rock_4 SpatiallyLoaded:1 Bounds:IsValid=true, Min=(X=609.515 Y=1733.632 Z=-21.711), Max=(X=704.418 Y=1832.542 Z=22.297) RuntimeGrid:None EditorOnly:0 RuntimeOnly:0 HLODRelevant:1 ListedInSceneOutliner:1 IsMainWorldOnly:0
 |   |   |- [+] [ 34]
 |   |   |   |- Guid:CEA5B1324CD8920B5DEA12A9D121ADE3 BaseClass: NativeClass:/Script/Engine.StaticMeshActor Name:StaticMeshActor_UAID_D843AE06D09DD5FC01_1206474802 Label:SM_rock_group_04 SpatiallyLoaded:1 Bounds:IsValid=true, Min=(X=324.878 Y=421.010 Z=-19.374), Max=(X=699.150 Y=609.169 Z=39.344) RuntimeGrid:None EditorOnly:0 RuntimeOnly:0 HLODRelevant:1 ListedInSceneOutliner:1 IsMainWorldOnly:0
 |   |   |- [+] [ 35]
 |   |   |   |- Guid:D2AC8B3049DBC3ED0F4D3DAC99ED1200 BaseClass: NativeClass:/Script/Engine.StaticMeshActor Name:StaticMeshActor_UAID_D843AE06D09DD5FC01_1262371833 Label:SM_rock_group_4 SpatiallyLoaded:1 Bounds:IsValid=true, Min=(X=550.641 Y=1671.223 Z=-18.982), Max=(X=773.452 Y=1892.140 Z=49.701) RuntimeGrid:None EditorOnly:0 RuntimeOnly:0 HLODRelevant:1 ListedInSceneOutliner:1 IsMainWorldOnly:0
 |   |   |- [+] [ 36]
 |   |   |   |- Guid:D63589D9484E4E380D081BBE7C3EDF6E BaseClass: NativeClass:/Script/Engine.StaticMeshActor Name:StaticMeshActor_UAID_D843AE06D09DD5FC01_1332439862 Label:SM_wind_turbine SpatiallyLoaded:1 Bounds:IsValid=true, Min=(X=-271.961 Y=-2273.918 Z=-10.348), Max=(X=1611.082 Y=-1103.604 Z=3690.622) RuntimeGrid:None EditorOnly:0 RuntimeOnly:0 HLODRelevant:1 ListedInSceneOutliner:1 IsMainWorldOnly:0
 |   |   |- [+] [ 37]
 |   |   |   |- Guid:D8109CEF4B87B8942CAAF5B77D0EED2E BaseClass: NativeClass:/Script/Engine.StaticMeshActor Name:StaticMeshActor_UAID_D843AE06D09DD5FC01_1262376841 Label:SM_small_rock_6 SpatiallyLoaded:1 Bounds:IsValid=true, Min=(X=609.657 Y=1732.806 Z=-18.880), Max=(X=701.186 Y=1822.892 Z=20.966) RuntimeGrid:None EditorOnly:0 RuntimeOnly:0 HLODRelevant:1 ListedInSceneOutliner:1 IsMainWorldOnly:0
 |   |   |- [+] [ 38]
 |   |   |   |- Guid:E69AE7ED43CC3BE584852FAED0345E19 BaseClass: NativeClass:/Script/Engine.PostProcessVolume Name:PostProcessVolume_0 Label:PostProcessVolume SpatiallyLoaded:0 Bounds:IsValid=true, Min=(X=0.000 Y=0.000 Z=400.000), Max=(X=200.000 Y=200.000 Z=600.000) RuntimeGrid:None EditorOnly:0 RuntimeOnly:0 HLODRelevant:0 ListedInSceneOutliner:1 IsMainWorldOnly:0 FolderPath:Lighting FolderGuid:963EC3EB4002CCE9759E2EBA541A873A
 |   |   |- [+] [ 39]
 |   |   |   |- Guid:F3B61AC045AD363E0D22C29F3C40C023 BaseClass: NativeClass:/Script/Engine.StaticMeshActor Name:StaticMeshActor_UAID_D843AE06D09DD5FC01_1262374837 Label:SM_small_rock_2 SpatiallyLoaded:1 Bounds:IsValid=true, Min=(X=610.828 Y=1732.752 Z=-15.909), Max=(X=713.086 Y=1833.799 Z=21.724) RuntimeGrid:None EditorOnly:0 RuntimeOnly:0 HLODRelevant:1 ListedInSceneOutliner:1 IsMainWorldOnly:0
 |   |   |- [+] [ 40]
 |   |   |   |- Guid:F3F34B9E446DE90DD63C8F96D76DBAEE BaseClass: NativeClass:/Script/Engine.StaticMeshActor Name:StaticMeshActor_UAID_D843AE06D09DD5FC01_1344116864 Label:SM_ground_mesh_4 SpatiallyLoaded:1 Bounds:IsValid=true, Min=(X=-489.216 Y=2161.056 Z=-23.608), Max=(X=1429.219 Y=4238.067 Z=7.843) RuntimeGrid:None EditorOnly:0 RuntimeOnly:0 HLODRelevant:1 ListedInSceneOutliner:1 IsMainWorldOnly:0
 |   |   |- [+] [ 41]
 |   |   |   |- Guid:FE01062549E38A2E2BF93F94CFB9ABAC BaseClass: NativeClass:/Script/Engine.StaticMeshActor Name:StaticMeshActor_UAID_D843AE06D09DD5FC01_1206454801 Label:SM_rock_group_03 SpatiallyLoaded:1 Bounds:IsValid=true, Min=(X=394.227 Y=410.066 Z=-18.982), Max=(X=617.038 Y=630.984 Z=49.701) RuntimeGrid:None EditorOnly:0 RuntimeOnly:0 HLODRelevant:1 ListedInSceneOutliner:1 IsMainWorldOnly:0
 |- ContainerInstances:
 |- [+] MainContainer:
 |   |-        ID: 00000000000000000000000000000000
 |   |-  ParentID: 00000000000000000000000000000000
 |   |-    Bounds: IsValid=false, Min=(X=0.000 Y=0.000 Z=0.000), Max=(X=0.000 Y=0.000 Z=0.000)
 |   |- Transform: 0.000000,0.000000,0.000000|0.000000,0.000000,-0.000000|1.000000,1.000000,1.000000
 |   |- Container: /Game/ThirdPerson/Maps/ThirdPersonMap1
----------------------------------------------------------------------------------------------------------------
ThirdPersonMap1 - Persistent Level
----------------------------------------------------------------------------------------------------------------
[+] Content of ThirdPersonMap1 Persistent Level
 |- Always loaded Actor Count: 52 
 |- Actor Path: /Game/ThirdPerson/Maps/ThirdPersonMap1.ThirdPersonMap1:PersistentLevel.AbstractNavData-Default
 |- Actor Package: /Game/ThirdPerson/Maps/ThirdPersonMap1
 |- Actor Path: /Game/ThirdPerson/Maps/ThirdPersonMap1.ThirdPersonMap1:PersistentLevel.BP_house_C_UAID_D843AE06D09DCAFC01_1259027823
 |- Actor Package: /Game/__ExternalActors__/ThirdPerson/Maps/ThirdPersonMap1/5/XD/IZTT5K31ZV3KQZVFGAH55W
 |- Actor Path: /Game/ThirdPerson/Maps/ThirdPersonMap1.ThirdPersonMap1:PersistentLevel.BP_propeller_GEN_VARIABLE_BP_propeller_C_CAT_UAID_D843AE06D09DCAFC01_1259031824
 |- Actor Package: /Game/__ExternalActors__/ThirdPerson/Maps/ThirdPersonMap1/5/XD/IZTT5K31ZV3KQZVFGAH55W
 |- Actor Path: /Game/ThirdPerson/Maps/ThirdPersonMap1.ThirdPersonMap1:PersistentLevel.Brush_0
 |- Actor Package: /Game/ThirdPerson/Maps/ThirdPersonMap1
 |- Actor Path: /Game/ThirdPerson/Maps/ThirdPersonMap1.ThirdPersonMap1:PersistentLevel.DefaultPhysicsVolume_0
 |- Actor Package: /Game/ThirdPerson/Maps/ThirdPersonMap1
 |- Actor Path: /Game/ThirdPerson/Maps/ThirdPersonMap1.ThirdPersonMap1:PersistentLevel.DirectionalLight_0
 |- Actor Package: /Game/__ExternalActors__/ThirdPerson/Maps/ThirdPersonMap1/B/TR/NSZRBMX6PKK2HK399BWIVR
 |- Actor Path: /Game/ThirdPerson/Maps/ThirdPersonMap1.ThirdPersonMap1:PersistentLevel.ExponentialHeightFog_0
 |- Actor Package: /Game/__ExternalActors__/ThirdPerson/Maps/ThirdPersonMap1/6/0W/WYQZQZM9G2WPADN1OES7JU
 |- Actor Path: /Game/ThirdPerson/Maps/ThirdPersonMap1.ThirdPersonMap1:PersistentLevel.GameplayDebuggerPlayerManager_0
 |- Actor Package: /Game/ThirdPerson/Maps/ThirdPersonMap1
 |- Actor Path: /Game/ThirdPerson/Maps/ThirdPersonMap1.ThirdPersonMap1:PersistentLevel.GroupActor_UAID_D843AE06D09DD5FC01_1243019828
 |- Actor Package: /Game/__ExternalActors__/ThirdPerson/Maps/ThirdPersonMap1/E/KB/9D4BGSDO3LFI41QRB5R2B0
 |- Actor Path: /Game/ThirdPerson/Maps/ThirdPersonMap1.ThirdPersonMap1:PersistentLevel.GroupActor_UAID_D843AE06D09DD5FC01_1262369830
 |- Actor Package: /Game/__ExternalActors__/ThirdPerson/Maps/ThirdPersonMap1/1/4W/X6QBSIPJ7HF6T6DZFP9CQC
 |- Actor Path: /Game/ThirdPerson/Maps/ThirdPersonMap1.ThirdPersonMap1:PersistentLevel.PlayerStart_UAID_D843AE06D09DCAFC01_1901213864
 |- Actor Package: /Game/__ExternalActors__/ThirdPerson/Maps/ThirdPersonMap1/E/QU/U1FOXPLIP2WW3XCEBTF68N
 |- Actor Path: /Game/ThirdPerson/Maps/ThirdPersonMap1.ThirdPersonMap1:PersistentLevel.PostProcessVolume_0
 |- Actor Package: /Game/__ExternalActors__/ThirdPerson/Maps/ThirdPersonMap1/5/2C/3GQXNX93ZAARKAM2DB45PT
 |- Actor Path: /Game/ThirdPerson/Maps/ThirdPersonMap1.ThirdPersonMap1:PersistentLevel.SkyAtmosphere_0
 |- Actor Package: /Game/__ExternalActors__/ThirdPerson/Maps/ThirdPersonMap1/2/71/GI51EMT6WXC6DQKNQ86951
 |- Actor Path: /Game/ThirdPerson/Maps/ThirdPersonMap1.ThirdPersonMap1:PersistentLevel.SkyLight_1
 |- Actor Package: /Game/__ExternalActors__/ThirdPerson/Maps/ThirdPersonMap1/8/O4/K099LJZCB57AN0RGJAETZX
 |- Actor Path: /Game/ThirdPerson/Maps/ThirdPersonMap1.ThirdPersonMap1:PersistentLevel.StaticMeshActor_UAID_A4AE111137DC5EFB00_1110535423
 |- Actor Package: /Game/__ExternalActors__/ThirdPerson/Maps/ThirdPersonMap1/8/UF/XWU54GQESI2YV2L056DM03
 |- Actor Path: /Game/ThirdPerson/Maps/ThirdPersonMap1.ThirdPersonMap1:PersistentLevel.StaticMeshActor_UAID_D843AE06D09DD5FC01_1120590796
 |- Actor Package: /Game/__ExternalActors__/ThirdPerson/Maps/ThirdPersonMap1/D/I1/FVSJ3U796A0UOPF8NOZ8PB
 |- Actor Path: /Game/ThirdPerson/Maps/ThirdPersonMap1.ThirdPersonMap1:PersistentLevel.StaticMeshActor_UAID_D843AE06D09DD5FC01_1152614797
 |- Actor Package: /Game/__ExternalActors__/ThirdPerson/Maps/ThirdPersonMap1/E/0L/JXQIOAI96YU1QH04OMSZL9
 |- Actor Path: /Game/ThirdPerson/Maps/ThirdPersonMap1.ThirdPersonMap1:PersistentLevel.StaticMeshActor_UAID_D843AE06D09DD5FC01_1206393798
 |- Actor Package: /Game/__ExternalActors__/ThirdPerson/Maps/ThirdPersonMap1/2/WL/F0QVYXZS1FZ6OTWU6FZX53
 |- Actor Path: /Game/ThirdPerson/Maps/ThirdPersonMap1.ThirdPersonMap1:PersistentLevel.StaticMeshActor_UAID_D843AE06D09DD5FC01_1206414799
 |- Actor Package: /Game/__ExternalActors__/ThirdPerson/Maps/ThirdPersonMap1/A/4Y/Z2S9FP32LK8XQN6O5JDIEB
 |- Actor Path: /Game/ThirdPerson/Maps/ThirdPersonMap1.ThirdPersonMap1:PersistentLevel.StaticMeshActor_UAID_D843AE06D09DD5FC01_1206434800
 |- Actor Package: /Game/__ExternalActors__/ThirdPerson/Maps/ThirdPersonMap1/D/KA/A16PTN44NVG8AZHINSMMA1
 |- Actor Path: /Game/ThirdPerson/Maps/ThirdPersonMap1.ThirdPersonMap1:PersistentLevel.StaticMeshActor_UAID_D843AE06D09DD5FC01_1206454801
 |- Actor Package: /Game/__ExternalActors__/ThirdPerson/Maps/ThirdPersonMap1/3/8Z/HHK4RSY4GBPE2H4CDJHCMX
 |- Actor Path: /Game/ThirdPerson/Maps/ThirdPersonMap1.ThirdPersonMap1:PersistentLevel.StaticMeshActor_UAID_D843AE06D09DD5FC01_1206474802
 |- Actor Package: /Game/__ExternalActors__/ThirdPerson/Maps/ThirdPersonMap1/7/EA/5F6WW90P86FC0U52HG55FS
 |- Actor Path: /Game/ThirdPerson/Maps/ThirdPersonMap1.ThirdPersonMap1:PersistentLevel.StaticMeshActor_UAID_D843AE06D09DD5FC01_1206494803
 |- Actor Package: /Game/__ExternalActors__/ThirdPerson/Maps/ThirdPersonMap1/F/20/2VWYY2RFON6XZ1O7IBZLHU
 |- Actor Path: /Game/ThirdPerson/Maps/ThirdPersonMap1.ThirdPersonMap1:PersistentLevel.StaticMeshActor_UAID_D843AE06D09DD5FC01_1206515804
 |- Actor Package: /Game/__ExternalActors__/ThirdPerson/Maps/ThirdPersonMap1/4/DG/QWK74R0Y7DA3GBNV57ZU8C
 |- Actor Path: /Game/ThirdPerson/Maps/ThirdPersonMap1.ThirdPersonMap1:PersistentLevel.StaticMeshActor_UAID_D843AE06D09DD5FC01_1206535805
 |- Actor Package: /Game/__ExternalActors__/ThirdPerson/Maps/ThirdPersonMap1/A/EK/RT70VXHBB019BD7F434X69
 |- Actor Path: /Game/ThirdPerson/Maps/ThirdPersonMap1.ThirdPersonMap1:PersistentLevel.StaticMeshActor_UAID_D843AE06D09DD5FC01_1206555806
 |- Actor Package: /Game/__ExternalActors__/ThirdPerson/Maps/ThirdPersonMap1/7/XS/XUPZCPFASM79JCVCAAC3TO
 |- Actor Path: /Game/ThirdPerson/Maps/ThirdPersonMap1.ThirdPersonMap1:PersistentLevel.StaticMeshActor_UAID_D843AE06D09DD5FC01_1206576807
 |- Actor Package: /Game/__ExternalActors__/ThirdPerson/Maps/ThirdPersonMap1/4/VD/981XKRFRT7YR729MQEVYSS
 |- Actor Path: /Game/ThirdPerson/Maps/ThirdPersonMap1.ThirdPersonMap1:PersistentLevel.StaticMeshActor_UAID_D843AE06D09DD5FC01_1206595808
 |- Actor Package: /Game/__ExternalActors__/ThirdPerson/Maps/ThirdPersonMap1/5/E1/K4ACOC7F638N4QHT85OF6T
 |- Actor Path: /Game/ThirdPerson/Maps/ThirdPersonMap1.ThirdPersonMap1:PersistentLevel.StaticMeshActor_UAID_D843AE06D09DD5FC01_1206615809
 |- Actor Package: /Game/__ExternalActors__/ThirdPerson/Maps/ThirdPersonMap1/A/AK/0MH2AO0XMO4HI03HV2IVHB
 |- Actor Path: /Game/ThirdPerson/Maps/ThirdPersonMap1.ThirdPersonMap1:PersistentLevel.StaticMeshActor_UAID_D843AE06D09DD5FC01_1206635810
 |- Actor Package: /Game/__ExternalActors__/ThirdPerson/Maps/ThirdPersonMap1/5/WW/1R3CHGPDR9KBJ0KYW7BB2B
 |- Actor Path: /Game/ThirdPerson/Maps/ThirdPersonMap1.ThirdPersonMap1:PersistentLevel.StaticMeshActor_UAID_D843AE06D09DD5FC01_1262367829
 |- Actor Package: /Game/__ExternalActors__/ThirdPerson/Maps/ThirdPersonMap1/F/4P/I4W1QCK1HJ6FCKOM65GJYZ
 |- Actor Path: /Game/ThirdPerson/Maps/ThirdPersonMap1.ThirdPersonMap1:PersistentLevel.StaticMeshActor_UAID_D843AE06D09DD5FC01_1262370831
 |- Actor Package: /Game/__ExternalActors__/ThirdPerson/Maps/ThirdPersonMap1/8/2O/7OVWQH4CBF9QTNACNMIZR2
 |- Actor Path: /Game/ThirdPerson/Maps/ThirdPersonMap1.ThirdPersonMap1:PersistentLevel.StaticMeshActor_UAID_D843AE06D09DD5FC01_1262371832
 |- Actor Package: /Game/__ExternalActors__/ThirdPerson/Maps/ThirdPersonMap1/9/IH/YKMVDZ16VC2GZWLQRW1ZLU
 |- Actor Path: /Game/ThirdPerson/Maps/ThirdPersonMap1.ThirdPersonMap1:PersistentLevel.StaticMeshActor_UAID_D843AE06D09DD5FC01_1262371833
 |- Actor Package: /Game/__ExternalActors__/ThirdPerson/Maps/ThirdPersonMap1/F/4T/RML8NADTL7SKDP01P9D8XY
 |- Actor Path: /Game/ThirdPerson/Maps/ThirdPersonMap1.ThirdPersonMap1:PersistentLevel.StaticMeshActor_UAID_D843AE06D09DD5FC01_1262372834
 |- Actor Package: /Game/__ExternalActors__/ThirdPerson/Maps/ThirdPersonMap1/C/D1/TL6VZDPNVFDDOKSF40H4U0
 |- Actor Path: /Game/ThirdPerson/Maps/ThirdPersonMap1.ThirdPersonMap1:PersistentLevel.StaticMeshActor_UAID_D843AE06D09DD5FC01_1262372835
 |- Actor Package: /Game/__ExternalActors__/ThirdPerson/Maps/ThirdPersonMap1/C/PC/VFF6DFG81CGQWDE8UKY51V
 |- Actor Path: /Game/ThirdPerson/Maps/ThirdPersonMap1.ThirdPersonMap1:PersistentLevel.StaticMeshActor_UAID_D843AE06D09DD5FC01_1262373836
 |- Actor Package: /Game/__ExternalActors__/ThirdPerson/Maps/ThirdPersonMap1/8/8Q/1GH4BK6JS23DDY6T19R3BI
 |- Actor Path: /Game/ThirdPerson/Maps/ThirdPersonMap1.ThirdPersonMap1:PersistentLevel.StaticMeshActor_UAID_D843AE06D09DD5FC01_1262374837
 |- Actor Package: /Game/__ExternalActors__/ThirdPerson/Maps/ThirdPersonMap1/C/1W/KKVFH4U2DHKHYSEVU365TX
 |- Actor Path: /Game/ThirdPerson/Maps/ThirdPersonMap1.ThirdPersonMap1:PersistentLevel.StaticMeshActor_UAID_D843AE06D09DD5FC01_1262375838
 |- Actor Package: /Game/__ExternalActors__/ThirdPerson/Maps/ThirdPersonMap1/B/CF/81Q8AUYOXG36BCBOW5RSNP
 |- Actor Path: /Game/ThirdPerson/Maps/ThirdPersonMap1.ThirdPersonMap1:PersistentLevel.StaticMeshActor_UAID_D843AE06D09DD5FC01_1262375839
 |- Actor Package: /Game/__ExternalActors__/ThirdPerson/Maps/ThirdPersonMap1/A/2D/2HDYRDUWZAQTLCQLSW7C6M
 |- Actor Path: /Game/ThirdPerson/Maps/ThirdPersonMap1.ThirdPersonMap1:PersistentLevel.StaticMeshActor_UAID_D843AE06D09DD5FC01_1262376840
 |- Actor Package: /Game/__ExternalActors__/ThirdPerson/Maps/ThirdPersonMap1/2/9S/87HZOAKI7PR8SD8YUXZ7BO
 |- Actor Path: /Game/ThirdPerson/Maps/ThirdPersonMap1.ThirdPersonMap1:PersistentLevel.StaticMeshActor_UAID_D843AE06D09DD5FC01_1262376841
 |- Actor Package: /Game/__ExternalActors__/ThirdPerson/Maps/ThirdPersonMap1/5/JF/6AQGZDS9I23A18X6QQ0COA
 |- Actor Path: /Game/ThirdPerson/Maps/ThirdPersonMap1.ThirdPersonMap1:PersistentLevel.StaticMeshActor_UAID_D843AE06D09DD5FC01_1262377842
 |- Actor Package: /Game/__ExternalActors__/ThirdPerson/Maps/ThirdPersonMap1/2/E6/1ZWFR65BLAPCOZUV1ECPO8
 |- Actor Path: /Game/ThirdPerson/Maps/ThirdPersonMap1.ThirdPersonMap1:PersistentLevel.StaticMeshActor_UAID_D843AE06D09DD5FC01_1332439862
 |- Actor Package: /Game/__ExternalActors__/ThirdPerson/Maps/ThirdPersonMap1/C/57/QVYHNBLYGEURJMQ738EA96
 |- Actor Path: /Game/ThirdPerson/Maps/ThirdPersonMap1.ThirdPersonMap1:PersistentLevel.StaticMeshActor_UAID_D843AE06D09DD5FC01_1341173863
 |- Actor Package: /Game/__ExternalActors__/ThirdPerson/Maps/ThirdPersonMap1/1/LP/UICL0U6H8WA5VXA5BE0COP
 |- Actor Path: /Game/ThirdPerson/Maps/ThirdPersonMap1.ThirdPersonMap1:PersistentLevel.StaticMeshActor_UAID_D843AE06D09DD5FC01_1344116864
 |- Actor Package: /Game/__ExternalActors__/ThirdPerson/Maps/ThirdPersonMap1/0/FV/9T0F0ZERJCTKFVNHC86JES
 |- Actor Path: /Game/ThirdPerson/Maps/ThirdPersonMap1.ThirdPersonMap1:PersistentLevel.TextRenderActor_1
 |- Actor Package: /Game/__ExternalActors__/ThirdPerson/Maps/ThirdPersonMap1/C/MF/4BWR9CQD2US75PO7Q03R5Y
 |- Actor Path: /Game/ThirdPerson/Maps/ThirdPersonMap1.ThirdPersonMap1:PersistentLevel.ThirdPersonMap1_C_1
 |- Actor Package: /Game/ThirdPerson/Maps/ThirdPersonMap1
 |- Actor Path: /Game/ThirdPerson/Maps/ThirdPersonMap1.ThirdPersonMap1:PersistentLevel.VolumetricCloud_0
 |- Actor Package: /Game/__ExternalActors__/ThirdPerson/Maps/ThirdPersonMap1/7/0U/7W8PI89LEB8QBLKHWFMZ3B
 |- Actor Path: /Game/ThirdPerson/Maps/ThirdPersonMap1.ThirdPersonMap1:PersistentLevel.WorldDataLayers
 |- Actor Package: /Game/__ExternalActors__/ThirdPerson/Maps/ThirdPersonMap1/B/RD/P7A79W1AL4KZKH09Z02ILP
 |- Actor Path: /Game/ThirdPerson/Maps/ThirdPersonMap1.ThirdPersonMap1:PersistentLevel.WorldInfo_0
 |- Actor Package: /Game/ThirdPerson/Maps/ThirdPersonMap1
 |- Actor Path: /Game/ThirdPerson/Maps/ThirdPersonMap1.ThirdPersonMap1:PersistentLevel.WorldPartitionMiniMap_0
 |- Actor Package: /Game/__ExternalActors__/ThirdPerson/Maps/ThirdPersonMap1/9/HC/KK6MZFWRODQJ227DR0E8F3

----------------------------------------------------------------------------------------------------------------
ThirdPersonMap1 - Runtime Spatial Hash - Streaming Grid - MainGrid
----------------------------------------------------------------------------------------------------------------
            Origin: X=0.000 Y=0.000 Z=0.000
         Cell Size: 12800
      World Bounds: IsValid=false, Min=(X=0.000 Y=0.000 Z=0.000), Max=(X=0.000 Y=0.000 Z=0.000)
     Loading Range: 25600.00
Block Slow Loading: No
 ClientOnlyVisible: No
            Origin: X=0.000 Y=0.000 Z=0.000

[+] Grid Levels: 1
 |- Level  0: Cell Count    0 | Cell Size   12800 | Actor Count    0 (0.0%)

[+] Content of Grid Level 0

