[+] Containers:
 |- [+] Container: /Game/ThirdPerson/Maps/ThirdPersonMap1
 |   |- [+] ActorDescs:
 |   |   |- Guid:02A6DC7E475B236B63096794EE2ECA71 BaseClass:/Game/Sci_FI_Valley_Village/BP/Water/BP_water.BP_water_C NativeClass:/Script/Engine.Actor Name:BP_water_C_UAID_D843AE06D09DD5FC01_2015542806 Label:BP_water SpatiallyLoaded:1 Bounds:IsValid=true, Min=(X=-5020.000 Y=-21980.000 Z=-20.000), Max=(X=32480.000 Y=8020.000 Z=-20.000) RuntimeGrid:None EditorOnly:0 RuntimeOnly:0 HLODRelevant:0 ListedInSceneOutliner:1 IsMainWorldOnly:0
 |   |   |- Guid:0A5674D849B2B96B1E0144BE6BA6AA46 BaseClass: NativeClass:/Script/Engine.StaticMeshActor Name:StaticMeshActor_UAID_D843AE06D09DECFC01_1249245820 Label:SM_rock_13 SpatiallyLoaded:1 Bounds:IsValid=true, Min=(X=18018.354 Y=-1853.691 Z=-353.343), Max=(X=21819.070 Y=579.933 Z=901.304) RuntimeGrid:None EditorOnly:0 RuntimeOnly:0 HLODRelevant:1 ListedInSceneOutliner:1 IsMainWorldOnly:0
 |   |   |- Guid:250089D545F50DAB6B8E278E9062B16A BaseClass: NativeClass:/Script/Engine.StaticMeshActor Name:StaticMeshActor_UAID_D843AE06D09DECFC01_1446802839 Label:SM_bush_3 SpatiallyLoaded:1 Bounds:IsValid=true, Min=(X=738.662 Y=2761.542 Z=-20.000), Max=(X=1147.262 Y=3233.736 Z=468.804) RuntimeGrid:None EditorOnly:0 RuntimeOnly:0 HLODRelevant:1 ListedInSceneOutliner:1 IsMainWorldOnly:0
 |   |   |- Guid:29BEB0334F2577B57F1F4FA49250F86E BaseClass: NativeClass:/Script/Engine.TextRenderActor Name:TextRenderActor_1 Label:TextRenderActor SpatiallyLoaded:1 Bounds:IsValid=true, Min=(X=-1920.100 Y=1100.000 Z=65.013), Max=(X=-1920.100 Y=2392.308 Z=215.013) RuntimeGrid:None EditorOnly:0 RuntimeOnly:0 HLODRelevant:0 ListedInSceneOutliner:1 IsMainWorldOnly:0
 |   |   |- Guid:2DAA4C204F8268C0482FE3BD8C8D6A9C BaseClass: NativeClass:/Script/Engine.StaticMeshActor Name:StaticMeshActor_UAID_D843AE06D09DECFC01_1246422819 Label:SM_rock_12 SpatiallyLoaded:1 Bounds:IsValid=true, Min=(X=14098.354 Y=3336.309 Z=-353.343), Max=(X=17899.070 Y=5769.933 Z=901.304) RuntimeGrid:None EditorOnly:0 RuntimeOnly:0 HLODRelevant:1 ListedInSceneOutliner:1 IsMainWorldOnly:0
 |   |   |- Guid:2FA1DAE54A63BC75BC047A8DAF8AC487 BaseClass: NativeClass:/Script/Engine.StaticMeshActor Name:StaticMeshActor_UAID_D843AE06D09DECFC01_1165682809 Label:SM_rock_02 SpatiallyLoaded:1 Bounds:IsValid=true, Min=(X=-601.646 Y=-1853.691 Z=-353.343), Max=(X=3199.070 Y=579.933 Z=901.304) RuntimeGrid:None EditorOnly:0 RuntimeOnly:0 HLODRelevant:1 ListedInSceneOutliner:1 IsMainWorldOnly:0
 |   |   |- Guid:3856CC6842E71C56E20937AC9D904544 BaseClass: NativeClass:/Script/Engine.StaticMeshActor Name:StaticMeshActor_UAID_D843AE06D09DECFC01_1288777824 Label:SM_rock_17 SpatiallyLoaded:1 Bounds:IsValid=true, Min=(X=-2999.933 Y=2098.354 Z=-353.343), Max=(X=-566.309 Y=5899.070 Z=901.304) RuntimeGrid:None EditorOnly:0 RuntimeOnly:0 HLODRelevant:1 ListedInSceneOutliner:1 IsMainWorldOnly:0
 |   |   |- Guid:3D52671541EBE4CE6B96E59C6D4CA548 BaseClass: NativeClass:/Script/Engine.StaticMeshActor Name:StaticMeshActor_UAID_D843AE06D09DECFC01_1443389838 Label:SM_bush_2 SpatiallyLoaded:1 Bounds:IsValid=true, Min=(X=738.662 Y=2421.542 Z=-20.000), Max=(X=1147.262 Y=2893.736 Z=468.804) RuntimeGrid:None EditorOnly:0 RuntimeOnly:0 HLODRelevant:1 ListedInSceneOutliner:1 IsMainWorldOnly:0
 |   |   |- Guid:51A3C8DD4F8DA713FE1AA1A476063B30 BaseClass: NativeClass:/Script/Engine.StaticMeshActor Name:StaticMeshActor_UAID_D843AE06D09DECFC01_1227029813 Label:SM_rock_6 SpatiallyLoaded:1 Bounds:IsValid=true, Min=(X=3098.354 Y=3336.309 Z=-353.343), Max=(X=6899.070 Y=5769.933 Z=901.304) RuntimeGrid:None EditorOnly:0 RuntimeOnly:0 HLODRelevant:1 ListedInSceneOutliner:1 IsMainWorldOnly:0
 |   |   |- Guid:5BC015A948711017373311BC02151A50 BaseClass: NativeClass:/Script/Engine.SkyLight Name:SkyLight_1 Label:SkyLight SpatiallyLoaded:0 Bounds:IsValid=true, Min=(X=0.000 Y=0.000 Z=690.000), Max=(X=0.000 Y=0.000 Z=690.000) RuntimeGrid:None EditorOnly:0 RuntimeOnly:0 HLODRelevant:0 ListedInSceneOutliner:1 IsMainWorldOnly:0 FolderPath:Lighting FolderGuid:963EC3EB4002CCE9759E2EBA541A873A
 |   |   |- Guid:5CC770954C6CD052FCC44DBE4C378873 BaseClass: NativeClass:/Script/Engine.StaticMeshActor Name:StaticMeshActor_UAID_D843AE06D09DECFC01_1231754814 Label:SM_rock_7 SpatiallyLoaded:1 Bounds:IsValid=true, Min=(X=6858.354 Y=-1853.691 Z=-353.343), Max=(X=10659.070 Y=579.933 Z=901.304) RuntimeGrid:None EditorOnly:0 RuntimeOnly:0 HLODRelevant:1 ListedInSceneOutliner:1 IsMainWorldOnly:0
 |   |   |- Guid:5DA2674E4FA5A4C35FB5CD9F058C9B64 BaseClass: NativeClass:/Script/Engine.StaticMeshActor Name:StaticMeshActor_UAID_D843AE06D09DD6FC01_1865361938 Label:Floor_400x400 SpatiallyLoaded:1 Bounds:IsValid=true, Min=(X=-640.000 Y=-21690.000 Z=-60.000), Max=(X=29860.000 Y=7710.000 Z=-40.000) RuntimeGrid:None EditorOnly:0 RuntimeOnly:0 HLODRelevant:0 ListedInSceneOutliner:1 IsMainWorldOnly:0
 |   |   |- Guid:63E7FC1645034CEB6620E6A7D8179307 BaseClass: NativeClass:/Script/Engine.StaticMeshActor Name:StaticMeshActor_UAID_D843AE06D09DD5FC01_1809470803 Label:SM_ground_mesh_02 SpatiallyLoaded:1 Bounds:IsValid=true, Min=(X=-79.282 Y=371.543 Z=-43.608), Max=(X=1679.284 Y=3407.175 Z=-12.157) RuntimeGrid:None EditorOnly:0 RuntimeOnly:0 HLODRelevant:1 ListedInSceneOutliner:1 IsMainWorldOnly:0
 |   |   |- Guid:6E2709E64817426BA93C318C23C60FBF BaseClass: NativeClass:/Script/Engine.StaticMeshActor Name:StaticMeshActor_UAID_D843AE06D09DECFC01_1436890837 Label:SM_bush_01 SpatiallyLoaded:1 Bounds:IsValid=true, Min=(X=738.662 Y=851.542 Z=-20.000), Max=(X=1147.262 Y=1323.736 Z=468.804) RuntimeGrid:None EditorOnly:0 RuntimeOnly:0 HLODRelevant:1 ListedInSceneOutliner:1 IsMainWorldOnly:0
 |   |   |- Guid:70829BE84E6DC6255B9100872551BAE2 BaseClass: NativeClass:/Script/Engine.StaticMeshActor Name:StaticMeshActor_UAID_A4AE111137DC5EFB00_1110535423 Label:SM_SkySphere SpatiallyLoaded:0 Bounds:IsValid=true, Min=(X=-1638400.000 Y=-1638400.000 Z=-1638400.000), Max=(X=1638400.000 Y=1638400.000 Z=1638400.000) RuntimeGrid:None EditorOnly:0 RuntimeOnly:0 HLODRelevant:1 ListedInSceneOutliner:1 IsMainWorldOnly:0 FolderPath:Lighting FolderGuid:963EC3EB4002CCE9759E2EBA541A873A
 |   |   |- Guid:74D676F64E9EEDB9402836A58813C113 BaseClass:/Game/PlatformerBoy/FallOff/FallOff.FallOff_C NativeClass:/Script/Engine.Actor Name:FallOff_C_UAID_D843AE06D09DD6FC01_1642395937 Label:FallOff SpatiallyLoaded:1 Bounds:IsValid=true, Min=(X=-2922.000 Y=-22586.000 Z=-92.000), Max=(X=31702.000 Y=9126.000 Z=-28.000) RuntimeGrid:None EditorOnly:0 RuntimeOnly:0 HLODRelevant:0 ListedInSceneOutliner:1 IsMainWorldOnly:0
 |   |   |- Guid:818E2054448E8B3D3E7B00A5B555BF9A BaseClass: NativeClass:/Script/Engine.VolumetricCloud Name:VolumetricCloud_0 Label:VolumetricCloud SpatiallyLoaded:0 Bounds:IsValid=true, Min=(X=0.000 Y=0.000 Z=820.000), Max=(X=0.000 Y=0.000 Z=820.000) RuntimeGrid:None EditorOnly:0 RuntimeOnly:0 HLODRelevant:0 ListedInSceneOutliner:1 IsMainWorldOnly:0 FolderPath:Lighting FolderGuid:963EC3EB4002CCE9759E2EBA541A873A
 |   |   |- Guid:836D45EE4E9550B57BDAC18D0E11E72C BaseClass: NativeClass:/Script/Engine.PlayerStart Name:PlayerStart_UAID_D843AE06D09DCAFC01_1901213864 Label:PlayerStart SpatiallyLoaded:0 Bounds:IsValid=true, Min=(X=370.000 Y=1810.000 Z=58.000), Max=(X=450.000 Y=1890.000 Z=242.000) RuntimeGrid:None EditorOnly:0 RuntimeOnly:0 HLODRelevant:0 ListedInSceneOutliner:1 IsMainWorldOnly:0
 |   |   |- Guid:89ED209541A1E3ADE265DD94A51824FE BaseClass: NativeClass:/Script/Engine.ExponentialHeightFog Name:ExponentialHeightFog_0 Label:ExponentialHeightFog SpatiallyLoaded:0 Bounds:IsValid=true, Min=(X=-5600.000 Y=-50.000 Z=-6850.000), Max=(X=-5600.000 Y=-50.000 Z=-6850.000) RuntimeGrid:None EditorOnly:0 RuntimeOnly:0 HLODRelevant:0 ListedInSceneOutliner:1 IsMainWorldOnly:0 FolderPath:Lighting FolderGuid:963EC3EB4002CCE9759E2EBA541A873A
 |   |   |- Guid:988A42384E04BD7BCBACA0AB5E101CB6 BaseClass: NativeClass:/Script/Engine.StaticMeshActor Name:StaticMeshActor_UAID_D843AE06D09DECFC01_1251355823 Label:SM_rock_16 SpatiallyLoaded:1 Bounds:IsValid=true, Min=(X=21898.354 Y=3336.309 Z=-353.343), Max=(X=25699.070 Y=5769.933 Z=901.304) RuntimeGrid:None EditorOnly:0 RuntimeOnly:0 HLODRelevant:1 ListedInSceneOutliner:1 IsMainWorldOnly:0
 |   |   |- Guid:A26295B64FE704D91EB0B584A474D838 BaseClass: NativeClass:/Script/Engine.StaticMeshActor Name:StaticMeshActor_UAID_D843AE06D09DECFC01_1231755815 Label:SM_rock_8 SpatiallyLoaded:1 Bounds:IsValid=true, Min=(X=6858.354 Y=3336.309 Z=-353.343), Max=(X=10659.070 Y=5769.933 Z=901.304) RuntimeGrid:None EditorOnly:0 RuntimeOnly:0 HLODRelevant:1 ListedInSceneOutliner:1 IsMainWorldOnly:0
 |   |   |- Guid:A5E8CA1D4C58A6136237C79D02555868 BaseClass: NativeClass:/Script/Engine.StaticMeshActor Name:StaticMeshActor_UAID_D843AE06D09DECFC01_1189766810 Label:SM_rock_3 SpatiallyLoaded:1 Bounds:IsValid=true, Min=(X=-601.646 Y=3336.309 Z=-353.343), Max=(X=3199.070 Y=5769.933 Z=901.304) RuntimeGrid:None EditorOnly:0 RuntimeOnly:0 HLODRelevant:1 ListedInSceneOutliner:1 IsMainWorldOnly:0
 |   |   |- Guid:ABBA984142C3146F5E2FF387816F0050 BaseClass: NativeClass:/Script/Engine.SkyAtmosphere Name:SkyAtmosphere_0 Label:SkyAtmosphere SpatiallyLoaded:0 Bounds:IsValid=true, Min=(X=0.000 Y=0.000 Z=1020.000), Max=(X=0.000 Y=0.000 Z=1020.000) RuntimeGrid:None EditorOnly:0 RuntimeOnly:0 HLODRelevant:0 ListedInSceneOutliner:1 IsMainWorldOnly:0 FolderPath:Lighting FolderGuid:963EC3EB4002CCE9759E2EBA541A873A
 |   |   |- Guid:B518AE404F1A9D78700A448C1D3CA68A BaseClass: NativeClass:/Script/Engine.StaticMeshActor Name:StaticMeshActor_UAID_D843AE06D09DECFC01_1227028812 Label:SM_rock_5 SpatiallyLoaded:1 Bounds:IsValid=true, Min=(X=3098.354 Y=-1853.691 Z=-353.343), Max=(X=6899.070 Y=579.933 Z=901.304) RuntimeGrid:None EditorOnly:0 RuntimeOnly:0 HLODRelevant:1 ListedInSceneOutliner:1 IsMainWorldOnly:0
 |   |   |- Guid:B7280FCA4724E1A2CCC8A8865E74784B BaseClass: NativeClass:/Script/Engine.StaticMeshActor Name:StaticMeshActor_UAID_D843AE06D09DECFC01_1241880816 Label:SM_rock_9 SpatiallyLoaded:1 Bounds:IsValid=true, Min=(X=10438.354 Y=-1853.691 Z=-353.343), Max=(X=14239.070 Y=579.933 Z=901.304) RuntimeGrid:None EditorOnly:0 RuntimeOnly:0 HLODRelevant:1 ListedInSceneOutliner:1 IsMainWorldOnly:0
 |   |   |- Guid:B78A469F46791545759537AF1AFB506D BaseClass: NativeClass:/Script/Engine.WorldDataLayers Name:WorldDataLayers Label:WorldDataLayers SpatiallyLoaded:0 Bounds:Invalid RuntimeGrid:None EditorOnly:0 RuntimeOnly:0 HLODRelevant:0 ListedInSceneOutliner:1 IsMainWorldOnly:1
 |   |   |- Guid:BA93BA3944AA5EC5A60D349F77971589 BaseClass: NativeClass:/Script/Engine.DirectionalLight Name:DirectionalLight_0 Label:DirectionalLight SpatiallyLoaded:0 Bounds:IsValid=true, Min=(X=-4398046511104.000 Y=-4398046511104.000 Z=-4398046511104.000), Max=(X=4398046511104.000 Y=4398046511104.000 Z=4398046511104.000) RuntimeGrid:None EditorOnly:0 RuntimeOnly:0 HLODRelevant:0 ListedInSceneOutliner:1 IsMainWorldOnly:0 FolderPath:Lighting FolderGuid:963EC3EB4002CCE9759E2EBA541A873A
 |   |   |- Guid:BDE2BDC24CCA9556110AA68573F00F65 BaseClass: NativeClass:/Script/Engine.StaticMeshActor Name:StaticMeshActor_UAID_D843AE06D09DECFC01_1241881817 Label:SM_rock_10 SpatiallyLoaded:1 Bounds:IsValid=true, Min=(X=10438.354 Y=3336.309 Z=-353.343), Max=(X=14239.070 Y=5769.933 Z=901.304) RuntimeGrid:None EditorOnly:0 RuntimeOnly:0 HLODRelevant:1 ListedInSceneOutliner:1 IsMainWorldOnly:0
 |   |   |- Guid:BEDC60F244DD96ECE92512B1BE6F4D03 BaseClass: NativeClass:/Script/Engine.StaticMeshActor Name:StaticMeshActor_UAID_D843AE06D09DD5FC01_2051313814 Label:SM_rock_01 SpatiallyLoaded:1 Bounds:IsValid=true, Min=(X=2493.563 Y=641.720 Z=-124.614), Max=(X=6842.631 Y=3215.536 Z=343.612) RuntimeGrid:None EditorOnly:0 RuntimeOnly:0 HLODRelevant:1 ListedInSceneOutliner:1 IsMainWorldOnly:0
 |   |   |- Guid:C42306C24135ABF17921B2A869CE5B34 BaseClass:/Game/Sci_FI_Valley_Village/BP/House/BP_house.BP_house_C NativeClass:/Script/Engine.Actor Name:BP_house_C_UAID_D843AE06D09DCAFC01_1259027823 Label:BP_house SpatiallyLoaded:1 Bounds:IsValid=true, Min=(X=123.613 Y=1390.641 Z=-88.407), Max=(X=821.297 Y=2525.878 Z=385.407) RuntimeGrid:None EditorOnly:0 RuntimeOnly:0 HLODRelevant:0 ListedInSceneOutliner:1 IsMainWorldOnly:0
 |   |   |- Guid:D78C8A0F4F8C3C84D6C987AFC288F52C BaseClass: NativeClass:/Script/Engine.StaticMeshActor Name:StaticMeshActor_UAID_D843AE06D09DECFC01_1193958811 Label:SM_rock_4 SpatiallyLoaded:1 Bounds:IsValid=true, Min=(X=-2999.933 Y=-1671.646 Z=-353.343), Max=(X=-566.309 Y=2129.070 Z=901.304) RuntimeGrid:None EditorOnly:0 RuntimeOnly:0 HLODRelevant:1 ListedInSceneOutliner:1 IsMainWorldOnly:0
 |   |   |- Guid:E603555A42D00DB5E11C6FB6B20DFED4 BaseClass: NativeClass:/Script/Engine.StaticMeshActor Name:StaticMeshActor_UAID_D843AE06D09DECFC01_1246421818 Label:SM_rock_11 SpatiallyLoaded:1 Bounds:IsValid=true, Min=(X=14098.354 Y=-1853.691 Z=-353.343), Max=(X=17899.070 Y=579.933 Z=901.304) RuntimeGrid:None EditorOnly:0 RuntimeOnly:0 HLODRelevant:1 ListedInSceneOutliner:1 IsMainWorldOnly:0
 |   |   |- Guid:E69AE7ED43CC3BE584852FAED0345E19 BaseClass: NativeClass:/Script/Engine.PostProcessVolume Name:PostProcessVolume_0 Label:PostProcessVolume SpatiallyLoaded:0 Bounds:IsValid=true, Min=(X=0.000 Y=0.000 Z=400.000), Max=(X=200.000 Y=200.000 Z=600.000) RuntimeGrid:None EditorOnly:0 RuntimeOnly:0 HLODRelevant:0 ListedInSceneOutliner:1 IsMainWorldOnly:0 FolderPath:Lighting FolderGuid:963EC3EB4002CCE9759E2EBA541A873A
 |   |   |- Guid:E730FCDE4E8BA06E6F30EEB093325E33 BaseClass: NativeClass:/Script/Engine.StaticMeshActor Name:StaticMeshActor_UAID_D843AE06D09DECFC01_1249246821 Label:SM_rock_14 SpatiallyLoaded:1 Bounds:IsValid=true, Min=(X=18018.354 Y=3336.309 Z=-353.343), Max=(X=21819.070 Y=5769.933 Z=901.304) RuntimeGrid:None EditorOnly:0 RuntimeOnly:0 HLODRelevant:1 ListedInSceneOutliner:1 IsMainWorldOnly:0
 |   |   |- Guid:F53C8BF3465B605645F7D4A15BA70E9C BaseClass: NativeClass:/Script/Engine.StaticMeshActor Name:StaticMeshActor_UAID_D843AE06D09DECFC01_1251354822 Label:SM_rock_15 SpatiallyLoaded:1 Bounds:IsValid=true, Min=(X=21898.354 Y=-1853.691 Z=-353.343), Max=(X=25699.070 Y=579.933 Z=901.304) RuntimeGrid:None EditorOnly:0 RuntimeOnly:0 HLODRelevant:1 ListedInSceneOutliner:1 IsMainWorldOnly:0
 |   |   |- Guid:F95DC2EE487EDE5C48E56BB8ED5B96BB BaseClass: NativeClass:/Script/Engine.StaticMeshActor Name:StaticMeshActor_UAID_D843AE06D09DECFC01_1448765840 Label:SM_bush_4 SpatiallyLoaded:1 Bounds:IsValid=true, Min=(X=738.662 Y=541.542 Z=-20.000), Max=(X=1147.262 Y=1013.736 Z=468.804) RuntimeGrid:None EditorOnly:0 RuntimeOnly:0 HLODRelevant:1 ListedInSceneOutliner:1 IsMainWorldOnly:0
 |   |- [+] Clusters:
 |   |   |- [+] [  0]
 |   |   |   |- Guid:02A6DC7E475B236B63096794EE2ECA71 BaseClass:/Game/Sci_FI_Valley_Village/BP/Water/BP_water.BP_water_C NativeClass:/Script/Engine.Actor Name:BP_water_C_UAID_D843AE06D09DD5FC01_2015542806 Label:BP_water SpatiallyLoaded:1 Bounds:IsValid=true, Min=(X=-5020.000 Y=-21980.000 Z=-20.000), Max=(X=32480.000 Y=8020.000 Z=-20.000) RuntimeGrid:None EditorOnly:0 RuntimeOnly:0 HLODRelevant:0 ListedInSceneOutliner:1 IsMainWorldOnly:0
 |   |   |- [+] [  1]
 |   |   |   |- Guid:0A5674D849B2B96B1E0144BE6BA6AA46 BaseClass: NativeClass:/Script/Engine.StaticMeshActor Name:StaticMeshActor_UAID_D843AE06D09DECFC01_1249245820 Label:SM_rock_13 SpatiallyLoaded:1 Bounds:IsValid=true, Min=(X=18018.354 Y=-1853.691 Z=-353.343), Max=(X=21819.070 Y=579.933 Z=901.304) RuntimeGrid:None EditorOnly:0 RuntimeOnly:0 HLODRelevant:1 ListedInSceneOutliner:1 IsMainWorldOnly:0
 |   |   |- [+] [  2]
 |   |   |   |- Guid:250089D545F50DAB6B8E278E9062B16A BaseClass: NativeClass:/Script/Engine.StaticMeshActor Name:StaticMeshActor_UAID_D843AE06D09DECFC01_1446802839 Label:SM_bush_3 SpatiallyLoaded:1 Bounds:IsValid=true, Min=(X=738.662 Y=2761.542 Z=-20.000), Max=(X=1147.262 Y=3233.736 Z=468.804) RuntimeGrid:None EditorOnly:0 RuntimeOnly:0 HLODRelevant:1 ListedInSceneOutliner:1 IsMainWorldOnly:0
 |   |   |- [+] [  3]
 |   |   |   |- Guid:29BEB0334F2577B57F1F4FA49250F86E BaseClass: NativeClass:/Script/Engine.TextRenderActor Name:TextRenderActor_1 Label:TextRenderActor SpatiallyLoaded:1 Bounds:IsValid=true, Min=(X=-1920.100 Y=1100.000 Z=65.013), Max=(X=-1920.100 Y=2392.308 Z=215.013) RuntimeGrid:None EditorOnly:0 RuntimeOnly:0 HLODRelevant:0 ListedInSceneOutliner:1 IsMainWorldOnly:0
 |   |   |- [+] [  4]
 |   |   |   |- Guid:2DAA4C204F8268C0482FE3BD8C8D6A9C BaseClass: NativeClass:/Script/Engine.StaticMeshActor Name:StaticMeshActor_UAID_D843AE06D09DECFC01_1246422819 Label:SM_rock_12 SpatiallyLoaded:1 Bounds:IsValid=true, Min=(X=14098.354 Y=3336.309 Z=-353.343), Max=(X=17899.070 Y=5769.933 Z=901.304) RuntimeGrid:None EditorOnly:0 RuntimeOnly:0 HLODRelevant:1 ListedInSceneOutliner:1 IsMainWorldOnly:0
 |   |   |- [+] [  5]
 |   |   |   |- Guid:2FA1DAE54A63BC75BC047A8DAF8AC487 BaseClass: NativeClass:/Script/Engine.StaticMeshActor Name:StaticMeshActor_UAID_D843AE06D09DECFC01_1165682809 Label:SM_rock_02 SpatiallyLoaded:1 Bounds:IsValid=true, Min=(X=-601.646 Y=-1853.691 Z=-353.343), Max=(X=3199.070 Y=579.933 Z=901.304) RuntimeGrid:None EditorOnly:0 RuntimeOnly:0 HLODRelevant:1 ListedInSceneOutliner:1 IsMainWorldOnly:0
 |   |   |- [+] [  6]
 |   |   |   |- Guid:3856CC6842E71C56E20937AC9D904544 BaseClass: NativeClass:/Script/Engine.StaticMeshActor Name:StaticMeshActor_UAID_D843AE06D09DECFC01_1288777824 Label:SM_rock_17 SpatiallyLoaded:1 Bounds:IsValid=true, Min=(X=-2999.933 Y=2098.354 Z=-353.343), Max=(X=-566.309 Y=5899.070 Z=901.304) RuntimeGrid:None EditorOnly:0 RuntimeOnly:0 HLODRelevant:1 ListedInSceneOutliner:1 IsMainWorldOnly:0
 |   |   |- [+] [  7]
 |   |   |   |- Guid:3D52671541EBE4CE6B96E59C6D4CA548 BaseClass: NativeClass:/Script/Engine.StaticMeshActor Name:StaticMeshActor_UAID_D843AE06D09DECFC01_1443389838 Label:SM_bush_2 SpatiallyLoaded:1 Bounds:IsValid=true, Min=(X=738.662 Y=2421.542 Z=-20.000), Max=(X=1147.262 Y=2893.736 Z=468.804) RuntimeGrid:None EditorOnly:0 RuntimeOnly:0 HLODRelevant:1 ListedInSceneOutliner:1 IsMainWorldOnly:0
 |   |   |- [+] [  8]
 |   |   |   |- Guid:51A3C8DD4F8DA713FE1AA1A476063B30 BaseClass: NativeClass:/Script/Engine.StaticMeshActor Name:StaticMeshActor_UAID_D843AE06D09DECFC01_1227029813 Label:SM_rock_6 SpatiallyLoaded:1 Bounds:IsValid=true, Min=(X=3098.354 Y=3336.309 Z=-353.343), Max=(X=6899.070 Y=5769.933 Z=901.304) RuntimeGrid:None EditorOnly:0 RuntimeOnly:0 HLODRelevant:1 ListedInSceneOutliner:1 IsMainWorldOnly:0
 |   |   |- [+] [  9]
 |   |   |   |- Guid:5BC015A948711017373311BC02151A50 BaseClass: NativeClass:/Script/Engine.SkyLight Name:SkyLight_1 Label:SkyLight SpatiallyLoaded:0 Bounds:IsValid=true, Min=(X=0.000 Y=0.000 Z=690.000), Max=(X=0.000 Y=0.000 Z=690.000) RuntimeGrid:None EditorOnly:0 RuntimeOnly:0 HLODRelevant:0 ListedInSceneOutliner:1 IsMainWorldOnly:0 FolderPath:Lighting FolderGuid:963EC3EB4002CCE9759E2EBA541A873A
 |   |   |- [+] [ 10]
 |   |   |   |- Guid:5CC770954C6CD052FCC44DBE4C378873 BaseClass: NativeClass:/Script/Engine.StaticMeshActor Name:StaticMeshActor_UAID_D843AE06D09DECFC01_1231754814 Label:SM_rock_7 SpatiallyLoaded:1 Bounds:IsValid=true, Min=(X=6858.354 Y=-1853.691 Z=-353.343), Max=(X=10659.070 Y=579.933 Z=901.304) RuntimeGrid:None EditorOnly:0 RuntimeOnly:0 HLODRelevant:1 ListedInSceneOutliner:1 IsMainWorldOnly:0
 |   |   |- [+] [ 11]
 |   |   |   |- Guid:5DA2674E4FA5A4C35FB5CD9F058C9B64 BaseClass: NativeClass:/Script/Engine.StaticMeshActor Name:StaticMeshActor_UAID_D843AE06D09DD6FC01_1865361938 Label:Floor_400x400 SpatiallyLoaded:1 Bounds:IsValid=true, Min=(X=-640.000 Y=-21690.000 Z=-60.000), Max=(X=29860.000 Y=7710.000 Z=-40.000) RuntimeGrid:None EditorOnly:0 RuntimeOnly:0 HLODRelevant:0 ListedInSceneOutliner:1 IsMainWorldOnly:0
 |   |   |- [+] [ 12]
 |   |   |   |- Guid:63E7FC1645034CEB6620E6A7D8179307 BaseClass: NativeClass:/Script/Engine.StaticMeshActor Name:StaticMeshActor_UAID_D843AE06D09DD5FC01_1809470803 Label:SM_ground_mesh_02 SpatiallyLoaded:1 Bounds:IsValid=true, Min=(X=-79.282 Y=371.543 Z=-43.608), Max=(X=1679.284 Y=3407.175 Z=-12.157) RuntimeGrid:None EditorOnly:0 RuntimeOnly:0 HLODRelevant:1 ListedInSceneOutliner:1 IsMainWorldOnly:0
 |   |   |- [+] [ 13]
 |   |   |   |- Guid:6E2709E64817426BA93C318C23C60FBF BaseClass: NativeClass:/Script/Engine.StaticMeshActor Name:StaticMeshActor_UAID_D843AE06D09DECFC01_1436890837 Label:SM_bush_01 SpatiallyLoaded:1 Bounds:IsValid=true, Min=(X=738.662 Y=851.542 Z=-20.000), Max=(X=1147.262 Y=1323.736 Z=468.804) RuntimeGrid:None EditorOnly:0 RuntimeOnly:0 HLODRelevant:1 ListedInSceneOutliner:1 IsMainWorldOnly:0
 |   |   |- [+] [ 14]
 |   |   |   |- Guid:70829BE84E6DC6255B9100872551BAE2 BaseClass: NativeClass:/Script/Engine.StaticMeshActor Name:StaticMeshActor_UAID_A4AE111137DC5EFB00_1110535423 Label:SM_SkySphere SpatiallyLoaded:0 Bounds:IsValid=true, Min=(X=-1638400.000 Y=-1638400.000 Z=-1638400.000), Max=(X=1638400.000 Y=1638400.000 Z=1638400.000) RuntimeGrid:None EditorOnly:0 RuntimeOnly:0 HLODRelevant:1 ListedInSceneOutliner:1 IsMainWorldOnly:0 FolderPath:Lighting FolderGuid:963EC3EB4002CCE9759E2EBA541A873A
 |   |   |- [+] [ 15]
 |   |   |   |- Guid:74D676F64E9EEDB9402836A58813C113 BaseClass:/Game/PlatformerBoy/FallOff/FallOff.FallOff_C NativeClass:/Script/Engine.Actor Name:FallOff_C_UAID_D843AE06D09DD6FC01_1642395937 Label:FallOff SpatiallyLoaded:1 Bounds:IsValid=true, Min=(X=-2922.000 Y=-22586.000 Z=-92.000), Max=(X=31702.000 Y=9126.000 Z=-28.000) RuntimeGrid:None EditorOnly:0 RuntimeOnly:0 HLODRelevant:0 ListedInSceneOutliner:1 IsMainWorldOnly:0
 |   |   |- [+] [ 16]
 |   |   |   |- Guid:818E2054448E8B3D3E7B00A5B555BF9A BaseClass: NativeClass:/Script/Engine.VolumetricCloud Name:VolumetricCloud_0 Label:VolumetricCloud SpatiallyLoaded:0 Bounds:IsValid=true, Min=(X=0.000 Y=0.000 Z=820.000), Max=(X=0.000 Y=0.000 Z=820.000) RuntimeGrid:None EditorOnly:0 RuntimeOnly:0 HLODRelevant:0 ListedInSceneOutliner:1 IsMainWorldOnly:0 FolderPath:Lighting FolderGuid:963EC3EB4002CCE9759E2EBA541A873A
 |   |   |- [+] [ 17]
 |   |   |   |- Guid:836D45EE4E9550B57BDAC18D0E11E72C BaseClass: NativeClass:/Script/Engine.PlayerStart Name:PlayerStart_UAID_D843AE06D09DCAFC01_1901213864 Label:PlayerStart SpatiallyLoaded:0 Bounds:IsValid=true, Min=(X=370.000 Y=1810.000 Z=58.000), Max=(X=450.000 Y=1890.000 Z=242.000) RuntimeGrid:None EditorOnly:0 RuntimeOnly:0 HLODRelevant:0 ListedInSceneOutliner:1 IsMainWorldOnly:0
 |   |   |- [+] [ 18]
 |   |   |   |- Guid:89ED209541A1E3ADE265DD94A51824FE BaseClass: NativeClass:/Script/Engine.ExponentialHeightFog Name:ExponentialHeightFog_0 Label:ExponentialHeightFog SpatiallyLoaded:0 Bounds:IsValid=true, Min=(X=-5600.000 Y=-50.000 Z=-6850.000), Max=(X=-5600.000 Y=-50.000 Z=-6850.000) RuntimeGrid:None EditorOnly:0 RuntimeOnly:0 HLODRelevant:0 ListedInSceneOutliner:1 IsMainWorldOnly:0 FolderPath:Lighting FolderGuid:963EC3EB4002CCE9759E2EBA541A873A
 |   |   |- [+] [ 19]
 |   |   |   |- Guid:988A42384E04BD7BCBACA0AB5E101CB6 BaseClass: NativeClass:/Script/Engine.StaticMeshActor Name:StaticMeshActor_UAID_D843AE06D09DECFC01_1251355823 Label:SM_rock_16 SpatiallyLoaded:1 Bounds:IsValid=true, Min=(X=21898.354 Y=3336.309 Z=-353.343), Max=(X=25699.070 Y=5769.933 Z=901.304) RuntimeGrid:None EditorOnly:0 RuntimeOnly:0 HLODRelevant:1 ListedInSceneOutliner:1 IsMainWorldOnly:0
 |   |   |- [+] [ 20]
 |   |   |   |- Guid:A26295B64FE704D91EB0B584A474D838 BaseClass: NativeClass:/Script/Engine.StaticMeshActor Name:StaticMeshActor_UAID_D843AE06D09DECFC01_1231755815 Label:SM_rock_8 SpatiallyLoaded:1 Bounds:IsValid=true, Min=(X=6858.354 Y=3336.309 Z=-353.343), Max=(X=10659.070 Y=5769.933 Z=901.304) RuntimeGrid:None EditorOnly:0 RuntimeOnly:0 HLODRelevant:1 ListedInSceneOutliner:1 IsMainWorldOnly:0
 |   |   |- [+] [ 21]
 |   |   |   |- Guid:A5E8CA1D4C58A6136237C79D02555868 BaseClass: NativeClass:/Script/Engine.StaticMeshActor Name:StaticMeshActor_UAID_D843AE06D09DECFC01_1189766810 Label:SM_rock_3 SpatiallyLoaded:1 Bounds:IsValid=true, Min=(X=-601.646 Y=3336.309 Z=-353.343), Max=(X=3199.070 Y=5769.933 Z=901.304) RuntimeGrid:None EditorOnly:0 RuntimeOnly:0 HLODRelevant:1 ListedInSceneOutliner:1 IsMainWorldOnly:0
 |   |   |- [+] [ 22]
 |   |   |   |- Guid:ABBA984142C3146F5E2FF387816F0050 BaseClass: NativeClass:/Script/Engine.SkyAtmosphere Name:SkyAtmosphere_0 Label:SkyAtmosphere SpatiallyLoaded:0 Bounds:IsValid=true, Min=(X=0.000 Y=0.000 Z=1020.000), Max=(X=0.000 Y=0.000 Z=1020.000) RuntimeGrid:None EditorOnly:0 RuntimeOnly:0 HLODRelevant:0 ListedInSceneOutliner:1 IsMainWorldOnly:0 FolderPath:Lighting FolderGuid:963EC3EB4002CCE9759E2EBA541A873A
 |   |   |- [+] [ 23]
 |   |   |   |- Guid:B518AE404F1A9D78700A448C1D3CA68A BaseClass: NativeClass:/Script/Engine.StaticMeshActor Name:StaticMeshActor_UAID_D843AE06D09DECFC01_1227028812 Label:SM_rock_5 SpatiallyLoaded:1 Bounds:IsValid=true, Min=(X=3098.354 Y=-1853.691 Z=-353.343), Max=(X=6899.070 Y=579.933 Z=901.304) RuntimeGrid:None EditorOnly:0 RuntimeOnly:0 HLODRelevant:1 ListedInSceneOutliner:1 IsMainWorldOnly:0
 |   |   |- [+] [ 24]
 |   |   |   |- Guid:B7280FCA4724E1A2CCC8A8865E74784B BaseClass: NativeClass:/Script/Engine.StaticMeshActor Name:StaticMeshActor_UAID_D843AE06D09DECFC01_1241880816 Label:SM_rock_9 SpatiallyLoaded:1 Bounds:IsValid=true, Min=(X=10438.354 Y=-1853.691 Z=-353.343), Max=(X=14239.070 Y=579.933 Z=901.304) RuntimeGrid:None EditorOnly:0 RuntimeOnly:0 HLODRelevant:1 ListedInSceneOutliner:1 IsMainWorldOnly:0
 |   |   |- [+] [ 25]
 |   |   |   |- Guid:B78A469F46791545759537AF1AFB506D BaseClass: NativeClass:/Script/Engine.WorldDataLayers Name:WorldDataLayers Label:WorldDataLayers SpatiallyLoaded:0 Bounds:Invalid RuntimeGrid:None EditorOnly:0 RuntimeOnly:0 HLODRelevant:0 ListedInSceneOutliner:1 IsMainWorldOnly:1
 |   |   |- [+] [ 26]
 |   |   |   |- Guid:BA93BA3944AA5EC5A60D349F77971589 BaseClass: NativeClass:/Script/Engine.DirectionalLight Name:DirectionalLight_0 Label:DirectionalLight SpatiallyLoaded:0 Bounds:IsValid=true, Min=(X=-4398046511104.000 Y=-4398046511104.000 Z=-4398046511104.000), Max=(X=4398046511104.000 Y=4398046511104.000 Z=4398046511104.000) RuntimeGrid:None EditorOnly:0 RuntimeOnly:0 HLODRelevant:0 ListedInSceneOutliner:1 IsMainWorldOnly:0 FolderPath:Lighting FolderGuid:963EC3EB4002CCE9759E2EBA541A873A
 |   |   |- [+] [ 27]
 |   |   |   |- Guid:BDE2BDC24CCA9556110AA68573F00F65 BaseClass: NativeClass:/Script/Engine.StaticMeshActor Name:StaticMeshActor_UAID_D843AE06D09DECFC01_1241881817 Label:SM_rock_10 SpatiallyLoaded:1 Bounds:IsValid=true, Min=(X=10438.354 Y=3336.309 Z=-353.343), Max=(X=14239.070 Y=5769.933 Z=901.304) RuntimeGrid:None EditorOnly:0 RuntimeOnly:0 HLODRelevant:1 ListedInSceneOutliner:1 IsMainWorldOnly:0
 |   |   |- [+] [ 28]
 |   |   |   |- Guid:BEDC60F244DD96ECE92512B1BE6F4D03 BaseClass: NativeClass:/Script/Engine.StaticMeshActor Name:StaticMeshActor_UAID_D843AE06D09DD5FC01_2051313814 Label:SM_rock_01 SpatiallyLoaded:1 Bounds:IsValid=true, Min=(X=2493.563 Y=641.720 Z=-124.614), Max=(X=6842.631 Y=3215.536 Z=343.612) RuntimeGrid:None EditorOnly:0 RuntimeOnly:0 HLODRelevant:1 ListedInSceneOutliner:1 IsMainWorldOnly:0
 |   |   |- [+] [ 29]
 |   |   |   |- Guid:C42306C24135ABF17921B2A869CE5B34 BaseClass:/Game/Sci_FI_Valley_Village/BP/House/BP_house.BP_house_C NativeClass:/Script/Engine.Actor Name:BP_house_C_UAID_D843AE06D09DCAFC01_1259027823 Label:BP_house SpatiallyLoaded:1 Bounds:IsValid=true, Min=(X=123.613 Y=1390.641 Z=-88.407), Max=(X=821.297 Y=2525.878 Z=385.407) RuntimeGrid:None EditorOnly:0 RuntimeOnly:0 HLODRelevant:0 ListedInSceneOutliner:1 IsMainWorldOnly:0
 |   |   |- [+] [ 30]
 |   |   |   |- Guid:D78C8A0F4F8C3C84D6C987AFC288F52C BaseClass: NativeClass:/Script/Engine.StaticMeshActor Name:StaticMeshActor_UAID_D843AE06D09DECFC01_1193958811 Label:SM_rock_4 SpatiallyLoaded:1 Bounds:IsValid=true, Min=(X=-2999.933 Y=-1671.646 Z=-353.343), Max=(X=-566.309 Y=2129.070 Z=901.304) RuntimeGrid:None EditorOnly:0 RuntimeOnly:0 HLODRelevant:1 ListedInSceneOutliner:1 IsMainWorldOnly:0
 |   |   |- [+] [ 31]
 |   |   |   |- Guid:E603555A42D00DB5E11C6FB6B20DFED4 BaseClass: NativeClass:/Script/Engine.StaticMeshActor Name:StaticMeshActor_UAID_D843AE06D09DECFC01_1246421818 Label:SM_rock_11 SpatiallyLoaded:1 Bounds:IsValid=true, Min=(X=14098.354 Y=-1853.691 Z=-353.343), Max=(X=17899.070 Y=579.933 Z=901.304) RuntimeGrid:None EditorOnly:0 RuntimeOnly:0 HLODRelevant:1 ListedInSceneOutliner:1 IsMainWorldOnly:0
 |   |   |- [+] [ 32]
 |   |   |   |- Guid:E69AE7ED43CC3BE584852FAED0345E19 BaseClass: NativeClass:/Script/Engine.PostProcessVolume Name:PostProcessVolume_0 Label:PostProcessVolume SpatiallyLoaded:0 Bounds:IsValid=true, Min=(X=0.000 Y=0.000 Z=400.000), Max=(X=200.000 Y=200.000 Z=600.000) RuntimeGrid:None EditorOnly:0 RuntimeOnly:0 HLODRelevant:0 ListedInSceneOutliner:1 IsMainWorldOnly:0 FolderPath:Lighting FolderGuid:963EC3EB4002CCE9759E2EBA541A873A
 |   |   |- [+] [ 33]
 |   |   |   |- Guid:E730FCDE4E8BA06E6F30EEB093325E33 BaseClass: NativeClass:/Script/Engine.StaticMeshActor Name:StaticMeshActor_UAID_D843AE06D09DECFC01_1249246821 Label:SM_rock_14 SpatiallyLoaded:1 Bounds:IsValid=true, Min=(X=18018.354 Y=3336.309 Z=-353.343), Max=(X=21819.070 Y=5769.933 Z=901.304) RuntimeGrid:None EditorOnly:0 RuntimeOnly:0 HLODRelevant:1 ListedInSceneOutliner:1 IsMainWorldOnly:0
 |   |   |- [+] [ 34]
 |   |   |   |- Guid:F53C8BF3465B605645F7D4A15BA70E9C BaseClass: NativeClass:/Script/Engine.StaticMeshActor Name:StaticMeshActor_UAID_D843AE06D09DECFC01_1251354822 Label:SM_rock_15 SpatiallyLoaded:1 Bounds:IsValid=true, Min=(X=21898.354 Y=-1853.691 Z=-353.343), Max=(X=25699.070 Y=579.933 Z=901.304) RuntimeGrid:None EditorOnly:0 RuntimeOnly:0 HLODRelevant:1 ListedInSceneOutliner:1 IsMainWorldOnly:0
 |   |   |- [+] [ 35]
 |   |   |   |- Guid:F95DC2EE487EDE5C48E56BB8ED5B96BB BaseClass: NativeClass:/Script/Engine.StaticMeshActor Name:StaticMeshActor_UAID_D843AE06D09DECFC01_1448765840 Label:SM_bush_4 SpatiallyLoaded:1 Bounds:IsValid=true, Min=(X=738.662 Y=541.542 Z=-20.000), Max=(X=1147.262 Y=1013.736 Z=468.804) RuntimeGrid:None EditorOnly:0 RuntimeOnly:0 HLODRelevant:1 ListedInSceneOutliner:1 IsMainWorldOnly:0
 |- ContainerInstances:
 |- [+] MainContainer:
 |   |-        ID: 00000000000000000000000000000000
 |   |-  ParentID: 00000000000000000000000000000000
 |   |-    Bounds: IsValid=false, Min=(X=0.000 Y=0.000 Z=0.000), Max=(X=0.000 Y=0.000 Z=0.000)
 |   |- Transform: 0.000000,0.000000,0.000000|0.000000,0.000000,-0.000000|1.000000,1.000000,1.000000
 |   |- Container: /Game/ThirdPerson/Maps/ThirdPersonMap1
----------------------------------------------------------------------------------------------------------------
ThirdPersonMap1 - Persistent Level
----------------------------------------------------------------------------------------------------------------
[+] Content of ThirdPersonMap1 Persistent Level
 |- Always loaded Actor Count: 44 
 |- Actor Path: /Game/ThirdPerson/Maps/ThirdPersonMap1.ThirdPersonMap1:PersistentLevel.AbstractNavData-Default
 |- Actor Package: /Game/ThirdPerson/Maps/ThirdPersonMap1
 |- Actor Path: /Game/ThirdPerson/Maps/ThirdPersonMap1.ThirdPersonMap1:PersistentLevel.BP_house_C_UAID_D843AE06D09DCAFC01_1259027823
 |- Actor Package: /Game/__ExternalActors__/ThirdPerson/Maps/ThirdPersonMap1/5/XD/IZTT5K31ZV3KQZVFGAH55W
 |- Actor Path: /Game/ThirdPerson/Maps/ThirdPersonMap1.ThirdPersonMap1:PersistentLevel.BP_propeller_GEN_VARIABLE_BP_propeller_C_CAT_UAID_D843AE06D09DCAFC01_1259031824
 |- Actor Package: /Game/__ExternalActors__/ThirdPerson/Maps/ThirdPersonMap1/5/XD/IZTT5K31ZV3KQZVFGAH55W
 |- Actor Path: /Game/ThirdPerson/Maps/ThirdPersonMap1.ThirdPersonMap1:PersistentLevel.BP_water_C_UAID_D843AE06D09DD5FC01_2015542806
 |- Actor Package: /Game/__ExternalActors__/ThirdPerson/Maps/ThirdPersonMap1/1/W5/OGHU5BS1CVQUJEZYNJ71L0
 |- Actor Path: /Game/ThirdPerson/Maps/ThirdPersonMap1.ThirdPersonMap1:PersistentLevel.Brush_0
 |- Actor Package: /Game/ThirdPerson/Maps/ThirdPersonMap1
 |- Actor Path: /Game/ThirdPerson/Maps/ThirdPersonMap1.ThirdPersonMap1:PersistentLevel.DefaultPhysicsVolume_0
 |- Actor Package: /Game/ThirdPerson/Maps/ThirdPersonMap1
 |- Actor Path: /Game/ThirdPerson/Maps/ThirdPersonMap1.ThirdPersonMap1:PersistentLevel.DirectionalLight_0
 |- Actor Package: /Game/__ExternalActors__/ThirdPerson/Maps/ThirdPersonMap1/B/TR/NSZRBMX6PKK2HK399BWIVR
 |- Actor Path: /Game/ThirdPerson/Maps/ThirdPersonMap1.ThirdPersonMap1:PersistentLevel.ExponentialHeightFog_0
 |- Actor Package: /Game/__ExternalActors__/ThirdPerson/Maps/ThirdPersonMap1/6/0W/WYQZQZM9G2WPADN1OES7JU
 |- Actor Path: /Game/ThirdPerson/Maps/ThirdPersonMap1.ThirdPersonMap1:PersistentLevel.FallOff_C_UAID_D843AE06D09DD6FC01_1642395937
 |- Actor Package: /Game/__ExternalActors__/ThirdPerson/Maps/ThirdPersonMap1/6/3U/88C3S2CVWE0F0F8R0A1EA9
 |- Actor Path: /Game/ThirdPerson/Maps/ThirdPersonMap1.ThirdPersonMap1:PersistentLevel.GameplayDebuggerPlayerManager_0
 |- Actor Package: /Game/ThirdPerson/Maps/ThirdPersonMap1
 |- Actor Path: /Game/ThirdPerson/Maps/ThirdPersonMap1.ThirdPersonMap1:PersistentLevel.PlayerStart_UAID_D843AE06D09DCAFC01_1901213864
 |- Actor Package: /Game/__ExternalActors__/ThirdPerson/Maps/ThirdPersonMap1/E/QU/U1FOXPLIP2WW3XCEBTF68N
 |- Actor Path: /Game/ThirdPerson/Maps/ThirdPersonMap1.ThirdPersonMap1:PersistentLevel.PostProcessVolume_0
 |- Actor Package: /Game/__ExternalActors__/ThirdPerson/Maps/ThirdPersonMap1/5/2C/3GQXNX93ZAARKAM2DB45PT
 |- Actor Path: /Game/ThirdPerson/Maps/ThirdPersonMap1.ThirdPersonMap1:PersistentLevel.SkyAtmosphere_0
 |- Actor Package: /Game/__ExternalActors__/ThirdPerson/Maps/ThirdPersonMap1/2/71/GI51EMT6WXC6DQKNQ86951
 |- Actor Path: /Game/ThirdPerson/Maps/ThirdPersonMap1.ThirdPersonMap1:PersistentLevel.SkyLight_1
 |- Actor Package: /Game/__ExternalActors__/ThirdPerson/Maps/ThirdPersonMap1/8/O4/K099LJZCB57AN0RGJAETZX
 |- Actor Path: /Game/ThirdPerson/Maps/ThirdPersonMap1.ThirdPersonMap1:PersistentLevel.StaticMeshActor_UAID_A4AE111137DC5EFB00_1110535423
 |- Actor Package: /Game/__ExternalActors__/ThirdPerson/Maps/ThirdPersonMap1/8/UF/XWU54GQESI2YV2L056DM03
 |- Actor Path: /Game/ThirdPerson/Maps/ThirdPersonMap1.ThirdPersonMap1:PersistentLevel.StaticMeshActor_UAID_D843AE06D09DD5FC01_1809470803
 |- Actor Package: /Game/__ExternalActors__/ThirdPerson/Maps/ThirdPersonMap1/3/PI/LA0MCLEQ7C1VO2BCO7R3KG
 |- Actor Path: /Game/ThirdPerson/Maps/ThirdPersonMap1.ThirdPersonMap1:PersistentLevel.StaticMeshActor_UAID_D843AE06D09DD5FC01_2051313814
 |- Actor Package: /Game/__ExternalActors__/ThirdPerson/Maps/ThirdPersonMap1/D/0L/NVHN45N4ED586CRPTJD2BS
 |- Actor Path: /Game/ThirdPerson/Maps/ThirdPersonMap1.ThirdPersonMap1:PersistentLevel.StaticMeshActor_UAID_D843AE06D09DD6FC01_1865361938
 |- Actor Package: /Game/__ExternalActors__/ThirdPerson/Maps/ThirdPersonMap1/C/YS/DL94YIRH9JRUB0SP6D3Q6K
 |- Actor Path: /Game/ThirdPerson/Maps/ThirdPersonMap1.ThirdPersonMap1:PersistentLevel.StaticMeshActor_UAID_D843AE06D09DECFC01_1165682809
 |- Actor Package: /Game/__ExternalActors__/ThirdPerson/Maps/ThirdPersonMap1/7/UR/3D139UL6CDWHP02QCKZISP
 |- Actor Path: /Game/ThirdPerson/Maps/ThirdPersonMap1.ThirdPersonMap1:PersistentLevel.StaticMeshActor_UAID_D843AE06D09DECFC01_1189766810
 |- Actor Package: /Game/__ExternalActors__/ThirdPerson/Maps/ThirdPersonMap1/3/UN/DU4C35HRJ4BEEO8TZJUTNW
 |- Actor Path: /Game/ThirdPerson/Maps/ThirdPersonMap1.ThirdPersonMap1:PersistentLevel.StaticMeshActor_UAID_D843AE06D09DECFC01_1193958811
 |- Actor Package: /Game/__ExternalActors__/ThirdPerson/Maps/ThirdPersonMap1/9/2N/IZUYC4VY28QAS5GJFTMZJI
 |- Actor Path: /Game/ThirdPerson/Maps/ThirdPersonMap1.ThirdPersonMap1:PersistentLevel.StaticMeshActor_UAID_D843AE06D09DECFC01_1227028812
 |- Actor Package: /Game/__ExternalActors__/ThirdPerson/Maps/ThirdPersonMap1/2/3O/HHKEQ8TVDM43NOHNQ2PKD6
 |- Actor Path: /Game/ThirdPerson/Maps/ThirdPersonMap1.ThirdPersonMap1:PersistentLevel.StaticMeshActor_UAID_D843AE06D09DECFC01_1227029813
 |- Actor Package: /Game/__ExternalActors__/ThirdPerson/Maps/ThirdPersonMap1/B/LU/R6SX563ENINUOXCZ4LXWCV
 |- Actor Path: /Game/ThirdPerson/Maps/ThirdPersonMap1.ThirdPersonMap1:PersistentLevel.StaticMeshActor_UAID_D843AE06D09DECFC01_1231754814
 |- Actor Package: /Game/__ExternalActors__/ThirdPerson/Maps/ThirdPersonMap1/9/AX/H1AW8MYPBXDV0DMET5SBG3
 |- Actor Path: /Game/ThirdPerson/Maps/ThirdPersonMap1.ThirdPersonMap1:PersistentLevel.StaticMeshActor_UAID_D843AE06D09DECFC01_1231755815
 |- Actor Package: /Game/__ExternalActors__/ThirdPerson/Maps/ThirdPersonMap1/2/VT/8LHAK5LDEIIRTE2AJSQJIK
 |- Actor Path: /Game/ThirdPerson/Maps/ThirdPersonMap1.ThirdPersonMap1:PersistentLevel.StaticMeshActor_UAID_D843AE06D09DECFC01_1241880816
 |- Actor Package: /Game/__ExternalActors__/ThirdPerson/Maps/ThirdPersonMap1/1/1G/LWZKU24RDS06XNMNG8AA0V
 |- Actor Path: /Game/ThirdPerson/Maps/ThirdPersonMap1.ThirdPersonMap1:PersistentLevel.StaticMeshActor_UAID_D843AE06D09DECFC01_1241881817
 |- Actor Package: /Game/__ExternalActors__/ThirdPerson/Maps/ThirdPersonMap1/7/ET/C72P5LEO4AYD79G5YLT4F6
 |- Actor Path: /Game/ThirdPerson/Maps/ThirdPersonMap1.ThirdPersonMap1:PersistentLevel.StaticMeshActor_UAID_D843AE06D09DECFC01_1246421818
 |- Actor Package: /Game/__ExternalActors__/ThirdPerson/Maps/ThirdPersonMap1/2/64/W2D70OKDRNALVM32EBV7D7
 |- Actor Path: /Game/ThirdPerson/Maps/ThirdPersonMap1.ThirdPersonMap1:PersistentLevel.StaticMeshActor_UAID_D843AE06D09DECFC01_1246422819
 |- Actor Package: /Game/__ExternalActors__/ThirdPerson/Maps/ThirdPersonMap1/6/RP/8XSTXI2ZITXDBIFQGH7NO2
 |- Actor Path: /Game/ThirdPerson/Maps/ThirdPersonMap1.ThirdPersonMap1:PersistentLevel.StaticMeshActor_UAID_D843AE06D09DECFC01_1249245820
 |- Actor Package: /Game/__ExternalActors__/ThirdPerson/Maps/ThirdPersonMap1/C/WE/0FKGR0F48G0U3OUJRXTTHW
 |- Actor Path: /Game/ThirdPerson/Maps/ThirdPersonMap1.ThirdPersonMap1:PersistentLevel.StaticMeshActor_UAID_D843AE06D09DECFC01_1249246821
 |- Actor Package: /Game/__ExternalActors__/ThirdPerson/Maps/ThirdPersonMap1/6/E8/1R3R3INGN4MPDJ7BRQDMCR
 |- Actor Path: /Game/ThirdPerson/Maps/ThirdPersonMap1.ThirdPersonMap1:PersistentLevel.StaticMeshActor_UAID_D843AE06D09DECFC01_1251354822
 |- Actor Package: /Game/__ExternalActors__/ThirdPerson/Maps/ThirdPersonMap1/6/VA/BMV8VXL8CUJOICL48HCNLG
 |- Actor Path: /Game/ThirdPerson/Maps/ThirdPersonMap1.ThirdPersonMap1:PersistentLevel.StaticMeshActor_UAID_D843AE06D09DECFC01_1251355823
 |- Actor Package: /Game/__ExternalActors__/ThirdPerson/Maps/ThirdPersonMap1/A/YS/ETTZUS26H5KWZNLVE3AGW7
 |- Actor Path: /Game/ThirdPerson/Maps/ThirdPersonMap1.ThirdPersonMap1:PersistentLevel.StaticMeshActor_UAID_D843AE06D09DECFC01_1288777824
 |- Actor Package: /Game/__ExternalActors__/ThirdPerson/Maps/ThirdPersonMap1/0/4T/TQ3IXN8NOPKUTGCKXUDCZA
 |- Actor Path: /Game/ThirdPerson/Maps/ThirdPersonMap1.ThirdPersonMap1:PersistentLevel.StaticMeshActor_UAID_D843AE06D09DECFC01_1436890837
 |- Actor Package: /Game/__ExternalActors__/ThirdPerson/Maps/ThirdPersonMap1/C/QH/834KQUP8ZELSQPIAL6D43B
 |- Actor Path: /Game/ThirdPerson/Maps/ThirdPersonMap1.ThirdPersonMap1:PersistentLevel.StaticMeshActor_UAID_D843AE06D09DECFC01_1443389838
 |- Actor Package: /Game/__ExternalActors__/ThirdPerson/Maps/ThirdPersonMap1/7/53/7V5NQZUEV3HGSIDBOLBFX3
 |- Actor Path: /Game/ThirdPerson/Maps/ThirdPersonMap1.ThirdPersonMap1:PersistentLevel.StaticMeshActor_UAID_D843AE06D09DECFC01_1446802839
 |- Actor Package: /Game/__ExternalActors__/ThirdPerson/Maps/ThirdPersonMap1/A/KR/9C0KZDF8CF63EEO2TT1CJB
 |- Actor Path: /Game/ThirdPerson/Maps/ThirdPersonMap1.ThirdPersonMap1:PersistentLevel.StaticMeshActor_UAID_D843AE06D09DECFC01_1448765840
 |- Actor Package: /Game/__ExternalActors__/ThirdPerson/Maps/ThirdPersonMap1/0/DV/M7SWQK39QQJ9Q1X3FH6E0O
 |- Actor Path: /Game/ThirdPerson/Maps/ThirdPersonMap1.ThirdPersonMap1:PersistentLevel.TextRenderActor_1
 |- Actor Package: /Game/__ExternalActors__/ThirdPerson/Maps/ThirdPersonMap1/C/MF/4BWR9CQD2US75PO7Q03R5Y
 |- Actor Path: /Game/ThirdPerson/Maps/ThirdPersonMap1.ThirdPersonMap1:PersistentLevel.ThirdPersonMap1_C_1
 |- Actor Package: /Game/ThirdPerson/Maps/ThirdPersonMap1
 |- Actor Path: /Game/ThirdPerson/Maps/ThirdPersonMap1.ThirdPersonMap1:PersistentLevel.VolumetricCloud_0
 |- Actor Package: /Game/__ExternalActors__/ThirdPerson/Maps/ThirdPersonMap1/7/0U/7W8PI89LEB8QBLKHWFMZ3B
 |- Actor Path: /Game/ThirdPerson/Maps/ThirdPersonMap1.ThirdPersonMap1:PersistentLevel.WorldDataLayers
 |- Actor Package: /Game/__ExternalActors__/ThirdPerson/Maps/ThirdPersonMap1/B/RD/P7A79W1AL4KZKH09Z02ILP
 |- Actor Path: /Game/ThirdPerson/Maps/ThirdPersonMap1.ThirdPersonMap1:PersistentLevel.WorldInfo_0
 |- Actor Package: /Game/ThirdPerson/Maps/ThirdPersonMap1
 |- Actor Path: /Game/ThirdPerson/Maps/ThirdPersonMap1.ThirdPersonMap1:PersistentLevel.WorldPartitionMiniMap_0
 |- Actor Package: /Game/__ExternalActors__/ThirdPerson/Maps/ThirdPersonMap1/9/HC/KK6MZFWRODQJ227DR0E8F3

----------------------------------------------------------------------------------------------------------------
ThirdPersonMap1 - Runtime Spatial Hash - Streaming Grid - MainGrid
----------------------------------------------------------------------------------------------------------------
            Origin: X=0.000 Y=0.000 Z=0.000
         Cell Size: 12800
      World Bounds: IsValid=false, Min=(X=0.000 Y=0.000 Z=0.000), Max=(X=0.000 Y=0.000 Z=0.000)
     Loading Range: 25600.00
Block Slow Loading: No
 ClientOnlyVisible: No
            Origin: X=0.000 Y=0.000 Z=0.000

[+] Grid Levels: 1
 |- Level  0: Cell Count    0 | Cell Size   12800 | Actor Count    0 (0.0%)

[+] Content of Grid Level 0

